[ 2015-04-28T09:04:25+08:00 ] 60.180.193.251 /sign/admin.php
INFO: [ app_begin ] --START--
INFO: ReadHtmlCache Behavior ::run [ RunTime:0.000000s ]
INFO: [ app_begin ] --END-- [ RunTime:0.000000s ]
INFO: [ view_parse ] --START--
INFO: ParseTemplate Behavior ::run [ RunTime:0.015625s ]
INFO: [ view_parse ] --END-- [ RunTime:0.015625s ]
INFO: [ view_filter ] --START--
INFO: ContentReplace Behavior ::run [ RunTime:0.000000s ]
INFO: TokenBuild Behavior ::run [ RunTime:0.000000s ]
INFO: WriteHtmlCache Behavior ::run [ RunTime:0.000000s ]
INFO: ShowRuntime Behavior ::run [ RunTime:0.000000s ]
INFO: [ view_filter ] --END-- [ RunTime:0.000000s ]
INFO: [ view_end ] --START--
INFO: ShowPageTrace Behavior ::run [ RunTime:0.000000s ]
INFO: [ view_end ] --END-- [ RunTime:0.000000s ]

[ 2015-04-28T09:04:27+08:00 ] 60.180.193.251 /sign/admin.php/MsgManage/index/team/%E6%97%A9%E7%8F%AD.html
INFO: [ route_check ] --START--
INFO: CheckRoute Behavior ::run [ RunTime:0.000000s ]
INFO: [ route_check ] --END-- [ RunTime:0.000000s ]
INFO: [ app_begin ] --START--
INFO: ReadHtmlCache Behavior ::run [ RunTime:0.000000s ]
INFO: [ app_begin ] --END-- [ RunTime:0.000000s ]

[ 2015-04-28T09:04:27+08:00 ] 60.180.193.251 /sign/admin.php/Login/index.html
INFO: [ route_check ] --START--
INFO: CheckRoute Behavior ::run [ RunTime:0.000000s ]
INFO: [ route_check ] --END-- [ RunTime:0.000000s ]
INFO: [ app_begin ] --START--
INFO: ReadHtmlCache Behavior ::run [ RunTime:0.000000s ]
INFO: [ app_begin ] --END-- [ RunTime:0.000000s ]
INFO: [ view_parse ] --START--
INFO: ParseTemplate Behavior ::run [ RunTime:0.015625s ]
INFO: [ view_parse ] --END-- [ RunTime:0.015625s ]
INFO: [ view_filter ] --START--
INFO: ContentReplace Behavior ::run [ RunTime:0.000000s ]
INFO: TokenBuild Behavior ::run [ RunTime:0.000000s ]
INFO: WriteHtmlCache Behavior ::run [ RunTime:0.000000s ]
INFO: ShowRuntime Behavior ::run [ RunTime:0.000000s ]
INFO: [ view_filter ] --END-- [ RunTime:0.000000s ]
INFO: [ view_end ] --START--
INFO: ShowPageTrace Behavior ::run [ RunTime:0.000000s ]
INFO: [ view_end ] --END-- [ RunTime:0.000000s ]

[ 2015-04-28T09:04:27+08:00 ] 60.180.193.251 /sign/admin.php/Login/verify.html
INFO: [ route_check ] --START--
INFO: CheckRoute Behavior ::run [ RunTime:0.000000s ]
INFO: [ route_check ] --END-- [ RunTime:0.000000s ]
INFO: [ app_begin ] --START--
INFO: ReadHtmlCache Behavior ::run [ RunTime:0.000000s ]
INFO: [ app_begin ] --END-- [ RunTime:0.000000s ]

[ 2015-04-28T09:05:18+08:00 ] 60.180.193.251 /sign/admin.php/Login/login.html
INFO: [ route_check ] --START--
INFO: CheckRoute Behavior ::run [ RunTime:0.000000s ]
INFO: [ route_check ] --END-- [ RunTime:0.000000s ]
INFO: [ app_begin ] --START--
INFO: ReadHtmlCache Behavior ::run [ RunTime:0.000000s ]
INFO: [ app_begin ] --END-- [ RunTime:0.000000s ]
SQL: SHOW COLUMNS FROM `hx_admin` [ RunTime:0.000000s ]
SQL: SELECT * FROM `hx_admin` WHERE ( `name` = 'admin' ) LIMIT 1   [ RunTime:0.000000s ]
NOTIC: [8] Use of undefined constant md5 - assumed 'md5' C:\WWW\sign\Admin\Lib\Action\LoginAction.class.php 第 22 行.
NOTIC: [8] Undefined index: loginip C:\WWW\sign\Admin\Lib\Action\LoginAction.class.php 第 29 行.

[ 2015-04-28T09:05:18+08:00 ] 60.180.193.251 /sign/admin.php/MsgManage/index.html
INFO: [ route_check ] --START--
INFO: CheckRoute Behavior ::run [ RunTime:0.000000s ]
INFO: [ route_check ] --END-- [ RunTime:0.000000s ]
INFO: [ app_begin ] --START--
INFO: ReadHtmlCache Behavior ::run [ RunTime:0.000000s ]
INFO: [ app_begin ] --END-- [ RunTime:0.000000s ]
SQL: SHOW COLUMNS FROM `hx_attendance` [ RunTime:0.015626s ]
SQL: SELECT COUNT(*) AS tp_count FROM `hx_attendance` LIMIT 1   [ RunTime:0.000000s ]
SQL: SELECT * FROM `hx_attendance` WHERE ( `team` = '' ) ORDER BY id DESC LIMIT 0,5   [ RunTime:0.000000s ]
INFO: [ view_parse ] --START--
INFO: ParseTemplate Behavior ::run [ RunTime:0.000000s ]
INFO: [ view_parse ] --END-- [ RunTime:0.000000s ]
INFO: [ view_filter ] --START--
INFO: ContentReplace Behavior ::run [ RunTime:0.000000s ]
INFO: TokenBuild Behavior ::run [ RunTime:0.000000s ]
INFO: WriteHtmlCache Behavior ::run [ RunTime:0.000000s ]
INFO: ShowRuntime Behavior ::run [ RunTime:0.000000s ]
INFO: [ view_filter ] --END-- [ RunTime:0.000000s ]
INFO: [ view_end ] --START--
INFO: ShowPageTrace Behavior ::run [ RunTime:0.000000s ]
INFO: [ view_end ] --END-- [ RunTime:0.000000s ]

[ 2015-04-28T09:05:21+08:00 ] 60.180.193.251 /sign/admin.php/MsgManage/index/team/%E6%97%A9%E7%8F%AD.html
INFO: [ route_check ] --START--
INFO: CheckRoute Behavior ::run [ RunTime:0.000000s ]
INFO: [ route_check ] --END-- [ RunTime:0.000000s ]
INFO: [ app_begin ] --START--
INFO: ReadHtmlCache Behavior ::run [ RunTime:0.000000s ]
INFO: [ app_begin ] --END-- [ RunTime:0.000000s ]
SQL: SHOW COLUMNS FROM `hx_attendance` [ RunTime:0.000000s ]
SQL: SELECT COUNT(*) AS tp_count FROM `hx_attendance` LIMIT 1   [ RunTime:0.000000s ]
SQL: SELECT * FROM `hx_attendance` WHERE ( `team` = '早班' ) ORDER BY id DESC LIMIT 0,5   [ RunTime:0.000000s ]
INFO: [ view_parse ] --START--
NOTIC: [8] Undefined index: isLat1e C:\WWW\sign\Admin\Runtime\Cache\5323c3dae696ad7df5e6298279602b05.php 第 14 行.
NOTIC: [8] Undefined index: isLat1e C:\WWW\sign\Admin\Runtime\Cache\5323c3dae696ad7df5e6298279602b05.php 第 14 行.
NOTIC: [8] Undefined index: isLat1e C:\WWW\sign\Admin\Runtime\Cache\5323c3dae696ad7df5e6298279602b05.php 第 14 行.
NOTIC: [8] Undefined index: isLat1e C:\WWW\sign\Admin\Runtime\Cache\5323c3dae696ad7df5e6298279602b05.php 第 14 行.
NOTIC: [8] Undefined index: isLat1e C:\WWW\sign\Admin\Runtime\Cache\5323c3dae696ad7df5e6298279602b05.php 第 14 行.
INFO: ParseTemplate Behavior ::run [ RunTime:0.015626s ]
INFO: [ view_parse ] --END-- [ RunTime:0.015626s ]
INFO: [ view_filter ] --START--
INFO: ContentReplace Behavior ::run [ RunTime:0.000000s ]
INFO: TokenBuild Behavior ::run [ RunTime:0.000000s ]
INFO: WriteHtmlCache Behavior ::run [ RunTime:0.000000s ]
INFO: ShowRuntime Behavior ::run [ RunTime:0.000000s ]
INFO: [ view_filter ] --END-- [ RunTime:0.000000s ]
INFO: [ view_end ] --START--
INFO: ShowPageTrace Behavior ::run [ RunTime:0.000000s ]
INFO: [ view_end ] --END-- [ RunTime:0.000000s ]

[ 2015-04-28T09:05:36+08:00 ] 115.219.129.177 /sign/admin.php
INFO: [ app_begin ] --START--
INFO: ReadHtmlCache Behavior ::run [ RunTime:0.000000s ]
INFO: [ app_begin ] --END-- [ RunTime:0.000000s ]
INFO: [ view_parse ] --START--
INFO: ParseTemplate Behavior ::run [ RunTime:0.015625s ]
INFO: [ view_parse ] --END-- [ RunTime:0.015625s ]
INFO: [ view_filter ] --START--
INFO: ContentReplace Behavior ::run [ RunTime:0.000000s ]
INFO: TokenBuild Behavior ::run [ RunTime:0.000000s ]
INFO: WriteHtmlCache Behavior ::run [ RunTime:0.000000s ]
INFO: ShowRuntime Behavior ::run [ RunTime:0.000000s ]
INFO: [ view_filter ] --END-- [ RunTime:0.000000s ]
INFO: [ view_end ] --START--
INFO: ShowPageTrace Behavior ::run [ RunTime:0.000000s ]
INFO: [ view_end ] --END-- [ RunTime:0.000000s ]

[ 2015-04-28T09:05:36+08:00 ] 180.153.206.24 /sign/admin.php
INFO: [ app_begin ] --START--
INFO: ReadHtmlCache Behavior ::run [ RunTime:0.000000s ]
INFO: [ app_begin ] --END-- [ RunTime:0.000000s ]
INFO: [ view_parse ] --START--
INFO: ParseTemplate Behavior ::run [ RunTime:0.015625s ]
INFO: [ view_parse ] --END-- [ RunTime:0.015625s ]
INFO: [ view_filter ] --START--
INFO: ContentReplace Behavior ::run [ RunTime:0.000000s ]
INFO: TokenBuild Behavior ::run [ RunTime:0.000000s ]
INFO: WriteHtmlCache Behavior ::run [ RunTime:0.000000s ]
INFO: ShowRuntime Behavior ::run [ RunTime:0.000000s ]
INFO: [ view_filter ] --END-- [ RunTime:0.000000s ]
INFO: [ view_end ] --START--
INFO: ShowPageTrace Behavior ::run [ RunTime:0.000000s ]
INFO: [ view_end ] --END-- [ RunTime:0.000000s ]

[ 2015-04-28T09:05:43+08:00 ] 115.219.129.177 /sign/admin.php/MsgManage/index/team/%E6%97%A9%E7%8F%AD.html
INFO: [ route_check ] --START--
INFO: CheckRoute Behavior ::run [ RunTime:0.015625s ]
INFO: [ route_check ] --END-- [ RunTime:0.015625s ]
INFO: [ app_begin ] --START--
INFO: ReadHtmlCache Behavior ::run [ RunTime:0.000000s ]
INFO: [ app_begin ] --END-- [ RunTime:0.000000s ]
NOTIC: [8] Undefined index: username C:\WWW\sign\Admin\Lib\Action\CommonAction.class.php 第 6 行.

[ 2015-04-28T09:05:43+08:00 ] 115.219.129.177 /sign/admin.php/Login/index.html
INFO: [ route_check ] --START--
INFO: CheckRoute Behavior ::run [ RunTime:0.000000s ]
INFO: [ route_check ] --END-- [ RunTime:0.000000s ]
INFO: [ app_begin ] --START--
INFO: ReadHtmlCache Behavior ::run [ RunTime:0.000000s ]
INFO: [ app_begin ] --END-- [ RunTime:0.000000s ]
INFO: [ view_parse ] --START--
INFO: ParseTemplate Behavior ::run [ RunTime:0.015625s ]
INFO: [ view_parse ] --END-- [ RunTime:0.015625s ]
INFO: [ view_filter ] --START--
INFO: ContentReplace Behavior ::run [ RunTime:0.000000s ]
INFO: TokenBuild Behavior ::run [ RunTime:0.000000s ]
INFO: WriteHtmlCache Behavior ::run [ RunTime:0.000000s ]
INFO: ShowRuntime Behavior ::run [ RunTime:0.000000s ]
INFO: [ view_filter ] --END-- [ RunTime:0.000000s ]
INFO: [ view_end ] --START--
INFO: ShowPageTrace Behavior ::run [ RunTime:0.000000s ]
INFO: [ view_end ] --END-- [ RunTime:0.000000s ]

[ 2015-04-28T09:05:43+08:00 ] 101.226.33.240 /sign/admin.php/Login/index.html
INFO: [ route_check ] --START--
INFO: CheckRoute Behavior ::run [ RunTime:0.000000s ]
INFO: [ route_check ] --END-- [ RunTime:0.000000s ]
INFO: [ app_begin ] --START--
INFO: ReadHtmlCache Behavior ::run [ RunTime:0.000000s ]
INFO: [ app_begin ] --END-- [ RunTime:0.000000s ]
INFO: [ view_parse ] --START--
INFO: ParseTemplate Behavior ::run [ RunTime:0.000000s ]
INFO: [ view_parse ] --END-- [ RunTime:0.000000s ]
INFO: [ view_filter ] --START--
INFO: ContentReplace Behavior ::run [ RunTime:0.000000s ]
INFO: TokenBuild Behavior ::run [ RunTime:0.000000s ]
INFO: WriteHtmlCache Behavior ::run [ RunTime:0.000000s ]
INFO: ShowRuntime Behavior ::run [ RunTime:0.000000s ]
INFO: [ view_filter ] --END-- [ RunTime:0.000000s ]
INFO: [ view_end ] --START--
INFO: ShowPageTrace Behavior ::run [ RunTime:0.015626s ]
INFO: [ view_end ] --END-- [ RunTime:0.015626s ]

[ 2015-04-28T09:05:43+08:00 ] 115.219.129.177 /sign/admin.php/Login/verify.html
INFO: [ route_check ] --START--
INFO: CheckRoute Behavior ::run [ RunTime:0.000000s ]
INFO: [ route_check ] --END-- [ RunTime:0.000000s ]
INFO: [ app_begin ] --START--
INFO: ReadHtmlCache Behavior ::run [ RunTime:0.000000s ]
INFO: [ app_begin ] --END-- [ RunTime:0.000000s ]

[ 2015-04-28T09:05:43+08:00 ] 180.153.163.210 /sign/admin.php/Login/verify.html
INFO: [ route_check ] --START--
INFO: CheckRoute Behavior ::run [ RunTime:0.000000s ]
INFO: [ route_check ] --END-- [ RunTime:0.000000s ]
INFO: [ app_begin ] --START--
INFO: ReadHtmlCache Behavior ::run [ RunTime:0.000000s ]
INFO: [ app_begin ] --END-- [ RunTime:0.000000s ]

[ 2015-04-28T09:05:43+08:00 ] 180.153.206.18 /sign/admin.php/MsgManage/index/team/?????-.html
INFO: [ route_check ] --START--
INFO: CheckRoute Behavior ::run [ RunTime:0.000000s ]
INFO: [ route_check ] --END-- [ RunTime:0.000000s ]
INFO: [ app_begin ] --START--
INFO: ReadHtmlCache Behavior ::run [ RunTime:0.015626s ]
INFO: [ app_begin ] --END-- [ RunTime:0.015626s ]
NOTIC: [8] Undefined index: username C:\WWW\sign\Admin\Lib\Action\CommonAction.class.php 第 6 行.

[ 2015-04-28T09:05:43+08:00 ] 180.153.206.18 /sign/admin.php/Login/index.html
INFO: [ route_check ] --START--
INFO: CheckRoute Behavior ::run [ RunTime:0.000000s ]
INFO: [ route_check ] --END-- [ RunTime:0.000000s ]
INFO: [ app_begin ] --START--
INFO: ReadHtmlCache Behavior ::run [ RunTime:0.015625s ]
INFO: [ app_begin ] --END-- [ RunTime:0.015625s ]
INFO: [ view_parse ] --START--
INFO: ParseTemplate Behavior ::run [ RunTime:0.000000s ]
INFO: [ view_parse ] --END-- [ RunTime:0.000000s ]
INFO: [ view_filter ] --START--
INFO: ContentReplace Behavior ::run [ RunTime:0.000000s ]
INFO: TokenBuild Behavior ::run [ RunTime:0.000000s ]
INFO: WriteHtmlCache Behavior ::run [ RunTime:0.000000s ]
INFO: ShowRuntime Behavior ::run [ RunTime:0.000000s ]
INFO: [ view_filter ] --END-- [ RunTime:0.000000s ]
INFO: [ view_end ] --START--
INFO: ShowPageTrace Behavior ::run [ RunTime:0.000000s ]
INFO: [ view_end ] --END-- [ RunTime:0.000000s ]

[ 2015-04-28T09:05:53+08:00 ] 115.219.129.177 /sign/admin.php/Login/login.html
INFO: [ route_check ] --START--
INFO: CheckRoute Behavior ::run [ RunTime:0.000000s ]
INFO: [ route_check ] --END-- [ RunTime:0.000000s ]
INFO: [ app_begin ] --START--
INFO: ReadHtmlCache Behavior ::run [ RunTime:0.000000s ]
INFO: [ app_begin ] --END-- [ RunTime:0.000000s ]
SQL: SHOW COLUMNS FROM `hx_admin` [ RunTime:0.000000s ]
SQL: SELECT * FROM `hx_admin` WHERE ( `name` = 'admin' ) LIMIT 1   [ RunTime:0.000000s ]
NOTIC: [8] Use of undefined constant md5 - assumed 'md5' C:\WWW\sign\Admin\Lib\Action\LoginAction.class.php 第 22 行.
NOTIC: [8] Undefined index: loginip C:\WWW\sign\Admin\Lib\Action\LoginAction.class.php 第 29 行.

[ 2015-04-28T09:05:53+08:00 ] 115.219.129.177 /sign/admin.php/MsgManage/index.html
INFO: [ route_check ] --START--
INFO: CheckRoute Behavior ::run [ RunTime:0.000000s ]
INFO: [ route_check ] --END-- [ RunTime:0.000000s ]
INFO: [ app_begin ] --START--
INFO: ReadHtmlCache Behavior ::run [ RunTime:0.000000s ]
INFO: [ app_begin ] --END-- [ RunTime:0.000000s ]
SQL: SHOW COLUMNS FROM `hx_attendance` [ RunTime:0.000000s ]
SQL: SELECT COUNT(*) AS tp_count FROM `hx_attendance` LIMIT 1   [ RunTime:0.000000s ]
SQL: SELECT * FROM `hx_attendance` WHERE ( `team` = '' ) ORDER BY id DESC LIMIT 0,5   [ RunTime:0.000000s ]
INFO: [ view_parse ] --START--
INFO: ParseTemplate Behavior ::run [ RunTime:0.015626s ]
INFO: [ view_parse ] --END-- [ RunTime:0.015626s ]
INFO: [ view_filter ] --START--
INFO: ContentReplace Behavior ::run [ RunTime:0.000000s ]
INFO: TokenBuild Behavior ::run [ RunTime:0.000000s ]
INFO: WriteHtmlCache Behavior ::run [ RunTime:0.000000s ]
INFO: ShowRuntime Behavior ::run [ RunTime:0.000000s ]
INFO: [ view_filter ] --END-- [ RunTime:0.000000s ]
INFO: [ view_end ] --START--
INFO: ShowPageTrace Behavior ::run [ RunTime:0.000000s ]
INFO: [ view_end ] --END-- [ RunTime:0.000000s ]

[ 2015-04-28T09:06:08+08:00 ] 101.226.66.173 /sign/admin.php/MsgManage/index/p/2.html
INFO: [ route_check ] --START--
INFO: CheckRoute Behavior ::run [ RunTime:0.000000s ]
INFO: [ route_check ] --END-- [ RunTime:0.000000s ]
INFO: [ app_begin ] --START--
INFO: ReadHtmlCache Behavior ::run [ RunTime:0.000000s ]
INFO: [ app_begin ] --END-- [ RunTime:0.000000s ]
NOTIC: [8] Undefined index: username C:\WWW\sign\Admin\Lib\Action\CommonAction.class.php 第 6 行.

[ 2015-04-28T09:06:08+08:00 ] 115.219.129.177 /sign/admin.php/MsgManage/index/p/2.html
INFO: [ route_check ] --START--
INFO: CheckRoute Behavior ::run [ RunTime:0.000000s ]
INFO: [ route_check ] --END-- [ RunTime:0.000000s ]
INFO: [ app_begin ] --START--
INFO: ReadHtmlCache Behavior ::run [ RunTime:0.000000s ]
INFO: [ app_begin ] --END-- [ RunTime:0.000000s ]
SQL: SHOW COLUMNS FROM `hx_attendance` [ RunTime:0.000000s ]
SQL: SELECT COUNT(*) AS tp_count FROM `hx_attendance` LIMIT 1   [ RunTime:0.000000s ]
SQL: SELECT * FROM `hx_attendance` WHERE ( `team` = '' ) ORDER BY id DESC LIMIT 5,5   [ RunTime:0.000000s ]
INFO: [ view_parse ] --START--
INFO: ParseTemplate Behavior ::run [ RunTime:0.015625s ]
INFO: [ view_parse ] --END-- [ RunTime:0.015625s ]
INFO: [ view_filter ] --START--
INFO: ContentReplace Behavior ::run [ RunTime:0.000000s ]
INFO: TokenBuild Behavior ::run [ RunTime:0.000000s ]
INFO: WriteHtmlCache Behavior ::run [ RunTime:0.000000s ]
INFO: ShowRuntime Behavior ::run [ RunTime:0.000000s ]
INFO: [ view_filter ] --END-- [ RunTime:0.000000s ]
INFO: [ view_end ] --START--
INFO: ShowPageTrace Behavior ::run [ RunTime:0.000000s ]
INFO: [ view_end ] --END-- [ RunTime:0.000000s ]

[ 2015-04-28T09:06:08+08:00 ] 101.226.66.173 /sign/admin.php/Login/index.html
INFO: [ route_check ] --START--
INFO: CheckRoute Behavior ::run [ RunTime:0.000000s ]
INFO: [ route_check ] --END-- [ RunTime:0.000000s ]
INFO: [ app_begin ] --START--
INFO: ReadHtmlCache Behavior ::run [ RunTime:0.000000s ]
INFO: [ app_begin ] --END-- [ RunTime:0.000000s ]
INFO: [ view_parse ] --START--
INFO: ParseTemplate Behavior ::run [ RunTime:0.015626s ]
INFO: [ view_parse ] --END-- [ RunTime:0.015626s ]
INFO: [ view_filter ] --START--
INFO: ContentReplace Behavior ::run [ RunTime:0.000000s ]
INFO: TokenBuild Behavior ::run [ RunTime:0.000000s ]
INFO: WriteHtmlCache Behavior ::run [ RunTime:0.000000s ]
INFO: ShowRuntime Behavior ::run [ RunTime:0.000000s ]
INFO: [ view_filter ] --END-- [ RunTime:0.000000s ]
INFO: [ view_end ] --START--
INFO: ShowPageTrace Behavior ::run [ RunTime:0.000000s ]
INFO: [ view_end ] --END-- [ RunTime:0.000000s ]

[ 2015-04-28T09:06:11+08:00 ] 115.219.129.177 /sign/admin.php/MsgManage/index/team/%E6%97%A9%E7%8F%AD.html
INFO: [ route_check ] --START--
INFO: CheckRoute Behavior ::run [ RunTime:0.000000s ]
INFO: [ route_check ] --END-- [ RunTime:0.000000s ]
INFO: [ app_begin ] --START--
INFO: ReadHtmlCache Behavior ::run [ RunTime:0.000000s ]
INFO: [ app_begin ] --END-- [ RunTime:0.000000s ]
SQL: SHOW COLUMNS FROM `hx_attendance` [ RunTime:0.000000s ]
SQL: SELECT COUNT(*) AS tp_count FROM `hx_attendance` LIMIT 1   [ RunTime:0.000000s ]
SQL: SELECT * FROM `hx_attendance` WHERE ( `team` = '早班' ) ORDER BY id DESC LIMIT 0,5   [ RunTime:0.000000s ]
INFO: [ view_parse ] --START--
NOTIC: [8] Undefined index: isLat1e C:\WWW\sign\Admin\Runtime\Cache\5323c3dae696ad7df5e6298279602b05.php 第 14 行.
NOTIC: [8] Undefined index: isLat1e C:\WWW\sign\Admin\Runtime\Cache\5323c3dae696ad7df5e6298279602b05.php 第 14 行.
NOTIC: [8] Undefined index: isLat1e C:\WWW\sign\Admin\Runtime\Cache\5323c3dae696ad7df5e6298279602b05.php 第 14 行.
NOTIC: [8] Undefined index: isLat1e C:\WWW\sign\Admin\Runtime\Cache\5323c3dae696ad7df5e6298279602b05.php 第 14 行.
NOTIC: [8] Undefined index: isLat1e C:\WWW\sign\Admin\Runtime\Cache\5323c3dae696ad7df5e6298279602b05.php 第 14 行.
INFO: ParseTemplate Behavior ::run [ RunTime:0.015625s ]
INFO: [ view_parse ] --END-- [ RunTime:0.015625s ]
INFO: [ view_filter ] --START--
INFO: ContentReplace Behavior ::run [ RunTime:0.000000s ]
INFO: TokenBuild Behavior ::run [ RunTime:0.000000s ]
INFO: WriteHtmlCache Behavior ::run [ RunTime:0.000000s ]
INFO: ShowRuntime Behavior ::run [ RunTime:0.000000s ]
INFO: [ view_filter ] --END-- [ RunTime:0.000000s ]
INFO: [ view_end ] --START--
INFO: ShowPageTrace Behavior ::run [ RunTime:0.000000s ]
INFO: [ view_end ] --END-- [ RunTime:0.000000s ]

[ 2015-04-28T09:06:22+08:00 ] 115.219.129.177 /sign/admin.php/MsgManage/index/team/%E6%97%A9%E7%8F%AD/p/2.html
INFO: [ route_check ] --START--
INFO: CheckRoute Behavior ::run [ RunTime:0.000000s ]
INFO: [ route_check ] --END-- [ RunTime:0.000000s ]
INFO: [ app_begin ] --START--
INFO: ReadHtmlCache Behavior ::run [ RunTime:0.000000s ]
INFO: [ app_begin ] --END-- [ RunTime:0.000000s ]
SQL: SHOW COLUMNS FROM `hx_attendance` [ RunTime:0.000000s ]
SQL: SELECT COUNT(*) AS tp_count FROM `hx_attendance` LIMIT 1   [ RunTime:0.000000s ]
SQL: SELECT * FROM `hx_attendance` WHERE ( `team` = '早班' ) ORDER BY id DESC LIMIT 5,5   [ RunTime:0.000000s ]
INFO: [ view_parse ] --START--
NOTIC: [8] Undefined index: isLat1e C:\WWW\sign\Admin\Runtime\Cache\5323c3dae696ad7df5e6298279602b05.php 第 14 行.
NOTIC: [8] Undefined index: isLat1e C:\WWW\sign\Admin\Runtime\Cache\5323c3dae696ad7df5e6298279602b05.php 第 14 行.
NOTIC: [8] Undefined index: isLat1e C:\WWW\sign\Admin\Runtime\Cache\5323c3dae696ad7df5e6298279602b05.php 第 14 行.
NOTIC: [8] Undefined index: isLat1e C:\WWW\sign\Admin\Runtime\Cache\5323c3dae696ad7df5e6298279602b05.php 第 14 行.
NOTIC: [8] Undefined index: isLat1e C:\WWW\sign\Admin\Runtime\Cache\5323c3dae696ad7df5e6298279602b05.php 第 14 行.
INFO: ParseTemplate Behavior ::run [ RunTime:0.015626s ]
INFO: [ view_parse ] --END-- [ RunTime:0.015626s ]
INFO: [ view_filter ] --START--
INFO: ContentReplace Behavior ::run [ RunTime:0.000000s ]
INFO: TokenBuild Behavior ::run [ RunTime:0.000000s ]
INFO: WriteHtmlCache Behavior ::run [ RunTime:0.000000s ]
INFO: ShowRuntime Behavior ::run [ RunTime:0.000000s ]
INFO: [ view_filter ] --END-- [ RunTime:0.000000s ]
INFO: [ view_end ] --START--
INFO: ShowPageTrace Behavior ::run [ RunTime:0.000000s ]
INFO: [ view_end ] --END-- [ RunTime:0.000000s ]

[ 2015-04-28T09:07:11+08:00 ] 115.219.129.177 /sign/admin.php/MsgManage/index/team/%E6%97%A9%E7%8F%AD/p/3.html
INFO: [ route_check ] --START--
INFO: CheckRoute Behavior ::run [ RunTime:0.000000s ]
INFO: [ route_check ] --END-- [ RunTime:0.000000s ]
INFO: [ app_begin ] --START--
INFO: ReadHtmlCache Behavior ::run [ RunTime:0.000000s ]
INFO: [ app_begin ] --END-- [ RunTime:0.000000s ]
SQL: SHOW COLUMNS FROM `hx_attendance` [ RunTime:0.015626s ]
SQL: SELECT COUNT(*) AS tp_count FROM `hx_attendance` LIMIT 1   [ RunTime:0.000000s ]
SQL: SELECT * FROM `hx_attendance` WHERE ( `team` = '早班' ) ORDER BY id DESC LIMIT 10,5   [ RunTime:0.000000s ]
INFO: [ view_parse ] --START--
NOTIC: [8] Undefined index: isLat1e C:\WWW\sign\Admin\Runtime\Cache\5323c3dae696ad7df5e6298279602b05.php 第 14 行.
NOTIC: [8] Undefined index: isLat1e C:\WWW\sign\Admin\Runtime\Cache\5323c3dae696ad7df5e6298279602b05.php 第 14 行.
NOTIC: [8] Undefined index: isLat1e C:\WWW\sign\Admin\Runtime\Cache\5323c3dae696ad7df5e6298279602b05.php 第 14 行.
NOTIC: [8] Undefined index: isLat1e C:\WWW\sign\Admin\Runtime\Cache\5323c3dae696ad7df5e6298279602b05.php 第 14 行.
NOTIC: [8] Undefined index: isLat1e C:\WWW\sign\Admin\Runtime\Cache\5323c3dae696ad7df5e6298279602b05.php 第 14 行.
INFO: ParseTemplate Behavior ::run [ RunTime:0.000000s ]
INFO: [ view_parse ] --END-- [ RunTime:0.000000s ]
INFO: [ view_filter ] --START--
INFO: ContentReplace Behavior ::run [ RunTime:0.000000s ]
INFO: TokenBuild Behavior ::run [ RunTime:0.000000s ]
INFO: WriteHtmlCache Behavior ::run [ RunTime:0.000000s ]
INFO: ShowRuntime Behavior ::run [ RunTime:0.000000s ]
INFO: [ view_filter ] --END-- [ RunTime:0.000000s ]
INFO: [ view_end ] --START--
INFO: ShowPageTrace Behavior ::run [ RunTime:0.000000s ]
INFO: [ view_end ] --END-- [ RunTime:0.000000s ]

[ 2015-04-28T09:07:12+08:00 ] 180.153.205.253 /sign/admin.php/MsgManage/index/team/?????-/p/3.html
INFO: [ route_check ] --START--
INFO: CheckRoute Behavior ::run [ RunTime:0.000000s ]
INFO: [ route_check ] --END-- [ RunTime:0.000000s ]
INFO: [ app_begin ] --START--
INFO: ReadHtmlCache Behavior ::run [ RunTime:0.000000s ]
INFO: [ app_begin ] --END-- [ RunTime:0.000000s ]
NOTIC: [8] Undefined index: username C:\WWW\sign\Admin\Lib\Action\CommonAction.class.php 第 6 行.

[ 2015-04-28T09:07:12+08:00 ] 180.153.205.253 /sign/admin.php/Login/index.html
INFO: [ route_check ] --START--
INFO: CheckRoute Behavior ::run [ RunTime:0.000000s ]
INFO: [ route_check ] --END-- [ RunTime:0.000000s ]
INFO: [ app_begin ] --START--
INFO: ReadHtmlCache Behavior ::run [ RunTime:0.000000s ]
INFO: [ app_begin ] --END-- [ RunTime:0.000000s ]
INFO: [ view_parse ] --START--
INFO: ParseTemplate Behavior ::run [ RunTime:0.015625s ]
INFO: [ view_parse ] --END-- [ RunTime:0.015625s ]
INFO: [ view_filter ] --START--
INFO: ContentReplace Behavior ::run [ RunTime:0.000000s ]
INFO: TokenBuild Behavior ::run [ RunTime:0.000000s ]
INFO: WriteHtmlCache Behavior ::run [ RunTime:0.000000s ]
INFO: ShowRuntime Behavior ::run [ RunTime:0.000000s ]
INFO: [ view_filter ] --END-- [ RunTime:0.000000s ]
INFO: [ view_end ] --START--
INFO: ShowPageTrace Behavior ::run [ RunTime:0.000000s ]
INFO: [ view_end ] --END-- [ RunTime:0.000000s ]

[ 2015-04-28T09:07:25+08:00 ] 115.219.129.177 /sign/admin.php/MsgManage/index/team/%E6%97%A9%E7%8F%AD/p/2.html
INFO: [ route_check ] --START--
INFO: CheckRoute Behavior ::run [ RunTime:0.000000s ]
INFO: [ route_check ] --END-- [ RunTime:0.000000s ]
INFO: [ app_begin ] --START--
INFO: ReadHtmlCache Behavior ::run [ RunTime:0.000000s ]
INFO: [ app_begin ] --END-- [ RunTime:0.000000s ]
SQL: SHOW COLUMNS FROM `hx_attendance` [ RunTime:0.000000s ]
SQL: SELECT COUNT(*) AS tp_count FROM `hx_attendance` LIMIT 1   [ RunTime:0.000000s ]
SQL: SELECT * FROM `hx_attendance` WHERE ( `team` = '早班' ) ORDER BY id DESC LIMIT 5,5   [ RunTime:0.000000s ]
INFO: [ view_parse ] --START--
NOTIC: [8] Undefined index: isLat1e C:\WWW\sign\Admin\Runtime\Cache\5323c3dae696ad7df5e6298279602b05.php 第 14 行.
NOTIC: [8] Undefined index: isLat1e C:\WWW\sign\Admin\Runtime\Cache\5323c3dae696ad7df5e6298279602b05.php 第 14 行.
NOTIC: [8] Undefined index: isLat1e C:\WWW\sign\Admin\Runtime\Cache\5323c3dae696ad7df5e6298279602b05.php 第 14 行.
NOTIC: [8] Undefined index: isLat1e C:\WWW\sign\Admin\Runtime\Cache\5323c3dae696ad7df5e6298279602b05.php 第 14 行.
NOTIC: [8] Undefined index: isLat1e C:\WWW\sign\Admin\Runtime\Cache\5323c3dae696ad7df5e6298279602b05.php 第 14 行.
INFO: ParseTemplate Behavior ::run [ RunTime:0.015625s ]
INFO: [ view_parse ] --END-- [ RunTime:0.015625s ]
INFO: [ view_filter ] --START--
INFO: ContentReplace Behavior ::run [ RunTime:0.000000s ]
INFO: TokenBuild Behavior ::run [ RunTime:0.000000s ]
INFO: WriteHtmlCache Behavior ::run [ RunTime:0.000000s ]
INFO: ShowRuntime Behavior ::run [ RunTime:0.000000s ]
INFO: [ view_filter ] --END-- [ RunTime:0.000000s ]
INFO: [ view_end ] --START--
INFO: ShowPageTrace Behavior ::run [ RunTime:0.000000s ]
INFO: [ view_end ] --END-- [ RunTime:0.000000s ]

[ 2015-04-28T09:07:30+08:00 ] 115.219.129.177 /sign/admin.php/MsgManage/index/team/%E6%97%A9%E7%8F%AD/p/1.html
INFO: [ route_check ] --START--
INFO: CheckRoute Behavior ::run [ RunTime:0.000000s ]
INFO: [ route_check ] --END-- [ RunTime:0.000000s ]
INFO: [ app_begin ] --START--
INFO: ReadHtmlCache Behavior ::run [ RunTime:0.000000s ]
INFO: [ app_begin ] --END-- [ RunTime:0.000000s ]
SQL: SHOW COLUMNS FROM `hx_attendance` [ RunTime:0.000000s ]
SQL: SELECT COUNT(*) AS tp_count FROM `hx_attendance` LIMIT 1   [ RunTime:0.000000s ]
SQL: SELECT * FROM `hx_attendance` WHERE ( `team` = '早班' ) ORDER BY id DESC LIMIT 0,5   [ RunTime:0.000000s ]
INFO: [ view_parse ] --START--
NOTIC: [8] Undefined index: isLat1e C:\WWW\sign\Admin\Runtime\Cache\5323c3dae696ad7df5e6298279602b05.php 第 14 行.
NOTIC: [8] Undefined index: isLat1e C:\WWW\sign\Admin\Runtime\Cache\5323c3dae696ad7df5e6298279602b05.php 第 14 行.
NOTIC: [8] Undefined index: isLat1e C:\WWW\sign\Admin\Runtime\Cache\5323c3dae696ad7df5e6298279602b05.php 第 14 行.
NOTIC: [8] Undefined index: isLat1e C:\WWW\sign\Admin\Runtime\Cache\5323c3dae696ad7df5e6298279602b05.php 第 14 行.
NOTIC: [8] Undefined index: isLat1e C:\WWW\sign\Admin\Runtime\Cache\5323c3dae696ad7df5e6298279602b05.php 第 14 行.
INFO: ParseTemplate Behavior ::run [ RunTime:0.015626s ]
INFO: [ view_parse ] --END-- [ RunTime:0.015626s ]
INFO: [ view_filter ] --START--
INFO: ContentReplace Behavior ::run [ RunTime:0.000000s ]
INFO: TokenBuild Behavior ::run [ RunTime:0.000000s ]
INFO: WriteHtmlCache Behavior ::run [ RunTime:0.000000s ]
INFO: ShowRuntime Behavior ::run [ RunTime:0.000000s ]
INFO: [ view_filter ] --END-- [ RunTime:0.000000s ]
INFO: [ view_end ] --START--
INFO: ShowPageTrace Behavior ::run [ RunTime:0.000000s ]
INFO: [ view_end ] --END-- [ RunTime:0.000000s ]

[ 2015-04-28T09:07:30+08:00 ] 101.226.33.227 /sign/admin.php/MsgManage/index/team/?????-/p/1.html
INFO: [ route_check ] --START--
INFO: CheckRoute Behavior ::run [ RunTime:0.000000s ]
INFO: [ route_check ] --END-- [ RunTime:0.000000s ]
INFO: [ app_begin ] --START--
INFO: ReadHtmlCache Behavior ::run [ RunTime:0.000000s ]
INFO: [ app_begin ] --END-- [ RunTime:0.000000s ]
NOTIC: [8] Undefined index: username C:\WWW\sign\Admin\Lib\Action\CommonAction.class.php 第 6 行.

[ 2015-04-28T09:07:30+08:00 ] 101.226.33.227 /sign/admin.php/Login/index.html
INFO: [ route_check ] --START--
INFO: CheckRoute Behavior ::run [ RunTime:0.000000s ]
INFO: [ route_check ] --END-- [ RunTime:0.000000s ]
INFO: [ app_begin ] --START--
INFO: ReadHtmlCache Behavior ::run [ RunTime:0.000000s ]
INFO: [ app_begin ] --END-- [ RunTime:0.000000s ]
INFO: [ view_parse ] --START--
INFO: ParseTemplate Behavior ::run [ RunTime:0.015626s ]
INFO: [ view_parse ] --END-- [ RunTime:0.015626s ]
INFO: [ view_filter ] --START--
INFO: ContentReplace Behavior ::run [ RunTime:0.000000s ]
INFO: TokenBuild Behavior ::run [ RunTime:0.000000s ]
INFO: WriteHtmlCache Behavior ::run [ RunTime:0.000000s ]
INFO: ShowRuntime Behavior ::run [ RunTime:0.000000s ]
INFO: [ view_filter ] --END-- [ RunTime:0.000000s ]
INFO: [ view_end ] --START--
INFO: ShowPageTrace Behavior ::run [ RunTime:0.000000s ]
INFO: [ view_end ] --END-- [ RunTime:0.000000s ]

[ 2015-04-28T09:13:26+08:00 ] 115.219.129.177 /sign/admin.php/MsgManage/index/team/%E6%97%A9%E7%8F%AD/p/2.html
INFO: [ route_check ] --START--
INFO: CheckRoute Behavior ::run [ RunTime:0.000000s ]
INFO: [ route_check ] --END-- [ RunTime:0.000000s ]
INFO: [ app_begin ] --START--
INFO: ReadHtmlCache Behavior ::run [ RunTime:0.000000s ]
INFO: [ app_begin ] --END-- [ RunTime:0.000000s ]
SQL: SHOW COLUMNS FROM `hx_attendance` [ RunTime:0.000000s ]
SQL: SELECT COUNT(*) AS tp_count FROM `hx_attendance` LIMIT 1   [ RunTime:0.000000s ]
SQL: SELECT * FROM `hx_attendance` WHERE ( `team` = '早班' ) ORDER BY id DESC LIMIT 5,5   [ RunTime:0.000000s ]
INFO: [ view_parse ] --START--
NOTIC: [8] Undefined index: isLat1e C:\WWW\sign\Admin\Runtime\Cache\5323c3dae696ad7df5e6298279602b05.php 第 14 行.
NOTIC: [8] Undefined index: isLat1e C:\WWW\sign\Admin\Runtime\Cache\5323c3dae696ad7df5e6298279602b05.php 第 14 行.
NOTIC: [8] Undefined index: isLat1e C:\WWW\sign\Admin\Runtime\Cache\5323c3dae696ad7df5e6298279602b05.php 第 14 行.
NOTIC: [8] Undefined index: isLat1e C:\WWW\sign\Admin\Runtime\Cache\5323c3dae696ad7df5e6298279602b05.php 第 14 行.
NOTIC: [8] Undefined index: isLat1e C:\WWW\sign\Admin\Runtime\Cache\5323c3dae696ad7df5e6298279602b05.php 第 14 行.
INFO: ParseTemplate Behavior ::run [ RunTime:0.015626s ]
INFO: [ view_parse ] --END-- [ RunTime:0.015626s ]
INFO: [ view_filter ] --START--
INFO: ContentReplace Behavior ::run [ RunTime:0.000000s ]
INFO: TokenBuild Behavior ::run [ RunTime:0.000000s ]
INFO: WriteHtmlCache Behavior ::run [ RunTime:0.000000s ]
INFO: ShowRuntime Behavior ::run [ RunTime:0.000000s ]
INFO: [ view_filter ] --END-- [ RunTime:0.000000s ]
INFO: [ view_end ] --START--
INFO: ShowPageTrace Behavior ::run [ RunTime:0.000000s ]
INFO: [ view_end ] --END-- [ RunTime:0.000000s ]

[ 2015-04-28T09:13:29+08:00 ] 115.219.129.177 /sign/admin.php/MsgManage/index/team/%E6%97%A9%E7%8F%AD/p/3.html
INFO: [ route_check ] --START--
INFO: CheckRoute Behavior ::run [ RunTime:0.000000s ]
INFO: [ route_check ] --END-- [ RunTime:0.000000s ]
INFO: [ app_begin ] --START--
INFO: ReadHtmlCache Behavior ::run [ RunTime:0.000000s ]
INFO: [ app_begin ] --END-- [ RunTime:0.000000s ]
SQL: SHOW COLUMNS FROM `hx_attendance` [ RunTime:0.000000s ]
SQL: SELECT COUNT(*) AS tp_count FROM `hx_attendance` LIMIT 1   [ RunTime:0.000000s ]
SQL: SELECT * FROM `hx_attendance` WHERE ( `team` = '早班' ) ORDER BY id DESC LIMIT 10,5   [ RunTime:0.000000s ]
INFO: [ view_parse ] --START--
NOTIC: [8] Undefined index: isLat1e C:\WWW\sign\Admin\Runtime\Cache\5323c3dae696ad7df5e6298279602b05.php 第 14 行.
NOTIC: [8] Undefined index: isLat1e C:\WWW\sign\Admin\Runtime\Cache\5323c3dae696ad7df5e6298279602b05.php 第 14 行.
NOTIC: [8] Undefined index: isLat1e C:\WWW\sign\Admin\Runtime\Cache\5323c3dae696ad7df5e6298279602b05.php 第 14 行.
NOTIC: [8] Undefined index: isLat1e C:\WWW\sign\Admin\Runtime\Cache\5323c3dae696ad7df5e6298279602b05.php 第 14 行.
NOTIC: [8] Undefined index: isLat1e C:\WWW\sign\Admin\Runtime\Cache\5323c3dae696ad7df5e6298279602b05.php 第 14 行.
INFO: ParseTemplate Behavior ::run [ RunTime:0.015626s ]
INFO: [ view_parse ] --END-- [ RunTime:0.015626s ]
INFO: [ view_filter ] --START--
INFO: ContentReplace Behavior ::run [ RunTime:0.000000s ]
INFO: TokenBuild Behavior ::run [ RunTime:0.000000s ]
INFO: WriteHtmlCache Behavior ::run [ RunTime:0.000000s ]
INFO: ShowRuntime Behavior ::run [ RunTime:0.000000s ]
INFO: [ view_filter ] --END-- [ RunTime:0.000000s ]
INFO: [ view_end ] --START--
INFO: ShowPageTrace Behavior ::run [ RunTime:0.000000s ]
INFO: [ view_end ] --END-- [ RunTime:0.000000s ]

[ 2015-04-28T09:17:58+08:00 ] 115.219.129.177 /sign/admin.php/MsgManage/index/team/%E6%97%A9%E7%8F%AD/p/2.html
INFO: [ route_check ] --START--
INFO: CheckRoute Behavior ::run [ RunTime:0.015625s ]
INFO: [ route_check ] --END-- [ RunTime:0.015625s ]
INFO: [ app_begin ] --START--
INFO: ReadHtmlCache Behavior ::run [ RunTime:0.000000s ]
INFO: [ app_begin ] --END-- [ RunTime:0.000000s ]
SQL: SHOW COLUMNS FROM `hx_attendance` [ RunTime:0.000000s ]
SQL: SELECT COUNT(*) AS tp_count FROM `hx_attendance` LIMIT 1   [ RunTime:0.000000s ]
SQL: SELECT * FROM `hx_attendance` WHERE ( `team` = '早班' ) ORDER BY id DESC LIMIT 5,5   [ RunTime:0.000000s ]
INFO: [ view_parse ] --START--
NOTIC: [8] Undefined index: isLat1e C:\WWW\sign\Admin\Runtime\Cache\5323c3dae696ad7df5e6298279602b05.php 第 14 行.
NOTIC: [8] Undefined index: isLat1e C:\WWW\sign\Admin\Runtime\Cache\5323c3dae696ad7df5e6298279602b05.php 第 14 行.
NOTIC: [8] Undefined index: isLat1e C:\WWW\sign\Admin\Runtime\Cache\5323c3dae696ad7df5e6298279602b05.php 第 14 行.
NOTIC: [8] Undefined index: isLat1e C:\WWW\sign\Admin\Runtime\Cache\5323c3dae696ad7df5e6298279602b05.php 第 14 行.
NOTIC: [8] Undefined index: isLat1e C:\WWW\sign\Admin\Runtime\Cache\5323c3dae696ad7df5e6298279602b05.php 第 14 行.
INFO: ParseTemplate Behavior ::run [ RunTime:0.015625s ]
INFO: [ view_parse ] --END-- [ RunTime:0.015625s ]
INFO: [ view_filter ] --START--
INFO: ContentReplace Behavior ::run [ RunTime:0.000000s ]
INFO: TokenBuild Behavior ::run [ RunTime:0.000000s ]
INFO: WriteHtmlCache Behavior ::run [ RunTime:0.000000s ]
INFO: ShowRuntime Behavior ::run [ RunTime:0.000000s ]
INFO: [ view_filter ] --END-- [ RunTime:0.000000s ]
INFO: [ view_end ] --START--
INFO: ShowPageTrace Behavior ::run [ RunTime:0.000000s ]
INFO: [ view_end ] --END-- [ RunTime:0.000000s ]

[ 2015-04-28T09:17:59+08:00 ] 115.219.129.177 /sign/admin.php/MsgManage/index/team/%E6%97%A9%E7%8F%AD/p/1.html
INFO: [ route_check ] --START--
INFO: CheckRoute Behavior ::run [ RunTime:0.000000s ]
INFO: [ route_check ] --END-- [ RunTime:0.000000s ]
INFO: [ app_begin ] --START--
INFO: ReadHtmlCache Behavior ::run [ RunTime:0.000000s ]
INFO: [ app_begin ] --END-- [ RunTime:0.000000s ]
SQL: SHOW COLUMNS FROM `hx_attendance` [ RunTime:0.000000s ]
SQL: SELECT COUNT(*) AS tp_count FROM `hx_attendance` LIMIT 1   [ RunTime:0.000000s ]
SQL: SELECT * FROM `hx_attendance` WHERE ( `team` = '早班' ) ORDER BY id DESC LIMIT 0,5   [ RunTime:0.000000s ]
INFO: [ view_parse ] --START--
NOTIC: [8] Undefined index: isLat1e C:\WWW\sign\Admin\Runtime\Cache\5323c3dae696ad7df5e6298279602b05.php 第 14 行.
NOTIC: [8] Undefined index: isLat1e C:\WWW\sign\Admin\Runtime\Cache\5323c3dae696ad7df5e6298279602b05.php 第 14 行.
NOTIC: [8] Undefined index: isLat1e C:\WWW\sign\Admin\Runtime\Cache\5323c3dae696ad7df5e6298279602b05.php 第 14 行.
NOTIC: [8] Undefined index: isLat1e C:\WWW\sign\Admin\Runtime\Cache\5323c3dae696ad7df5e6298279602b05.php 第 14 行.
NOTIC: [8] Undefined index: isLat1e C:\WWW\sign\Admin\Runtime\Cache\5323c3dae696ad7df5e6298279602b05.php 第 14 行.
INFO: ParseTemplate Behavior ::run [ RunTime:0.015625s ]
INFO: [ view_parse ] --END-- [ RunTime:0.015625s ]
INFO: [ view_filter ] --START--
INFO: ContentReplace Behavior ::run [ RunTime:0.000000s ]
INFO: TokenBuild Behavior ::run [ RunTime:0.000000s ]
INFO: WriteHtmlCache Behavior ::run [ RunTime:0.000000s ]
INFO: ShowRuntime Behavior ::run [ RunTime:0.000000s ]
INFO: [ view_filter ] --END-- [ RunTime:0.000000s ]
INFO: [ view_end ] --START--
INFO: ShowPageTrace Behavior ::run [ RunTime:0.000000s ]
INFO: [ view_end ] --END-- [ RunTime:0.000000s ]

[ 2015-04-28T09:18:18+08:00 ] 115.219.129.177 /sign/admin.php/MsgManage/index/team/%E6%97%A9%E7%8F%AD/p/2.html
INFO: [ route_check ] --START--
INFO: CheckRoute Behavior ::run [ RunTime:0.000000s ]
INFO: [ route_check ] --END-- [ RunTime:0.000000s ]
INFO: [ app_begin ] --START--
INFO: ReadHtmlCache Behavior ::run [ RunTime:0.000000s ]
INFO: [ app_begin ] --END-- [ RunTime:0.000000s ]
SQL: SHOW COLUMNS FROM `hx_attendance` [ RunTime:0.000000s ]
SQL: SELECT COUNT(*) AS tp_count FROM `hx_attendance` LIMIT 1   [ RunTime:0.000000s ]
SQL: SELECT * FROM `hx_attendance` WHERE ( `team` = '早班' ) ORDER BY id DESC LIMIT 5,5   [ RunTime:0.000000s ]
INFO: [ view_parse ] --START--
NOTIC: [8] Undefined index: isLat1e C:\WWW\sign\Admin\Runtime\Cache\5323c3dae696ad7df5e6298279602b05.php 第 14 行.
NOTIC: [8] Undefined index: isLat1e C:\WWW\sign\Admin\Runtime\Cache\5323c3dae696ad7df5e6298279602b05.php 第 14 行.
NOTIC: [8] Undefined index: isLat1e C:\WWW\sign\Admin\Runtime\Cache\5323c3dae696ad7df5e6298279602b05.php 第 14 行.
NOTIC: [8] Undefined index: isLat1e C:\WWW\sign\Admin\Runtime\Cache\5323c3dae696ad7df5e6298279602b05.php 第 14 行.
NOTIC: [8] Undefined index: isLat1e C:\WWW\sign\Admin\Runtime\Cache\5323c3dae696ad7df5e6298279602b05.php 第 14 行.
INFO: ParseTemplate Behavior ::run [ RunTime:0.000000s ]
INFO: [ view_parse ] --END-- [ RunTime:0.000000s ]
INFO: [ view_filter ] --START--
INFO: ContentReplace Behavior ::run [ RunTime:0.000000s ]
INFO: TokenBuild Behavior ::run [ RunTime:0.000000s ]
INFO: WriteHtmlCache Behavior ::run [ RunTime:0.000000s ]
INFO: ShowRuntime Behavior ::run [ RunTime:0.000000s ]
INFO: [ view_filter ] --END-- [ RunTime:0.000000s ]
INFO: [ view_end ] --START--
INFO: ShowPageTrace Behavior ::run [ RunTime:0.000000s ]
INFO: [ view_end ] --END-- [ RunTime:0.000000s ]

[ 2015-04-28T09:18:18+08:00 ] 115.219.129.177 /sign/admin.php/MsgManage/index/team/%E6%97%A9%E7%8F%AD/p/2.html
INFO: [ route_check ] --START--
INFO: CheckRoute Behavior ::run [ RunTime:0.015625s ]
INFO: [ route_check ] --END-- [ RunTime:0.015625s ]
INFO: [ app_begin ] --START--
INFO: ReadHtmlCache Behavior ::run [ RunTime:0.000000s ]
INFO: [ app_begin ] --END-- [ RunTime:0.000000s ]
SQL: SHOW COLUMNS FROM `hx_attendance` [ RunTime:0.000000s ]
SQL: SELECT COUNT(*) AS tp_count FROM `hx_attendance` LIMIT 1   [ RunTime:0.000000s ]
SQL: SELECT * FROM `hx_attendance` WHERE ( `team` = '早班' ) ORDER BY id DESC LIMIT 5,5   [ RunTime:0.000000s ]
INFO: [ view_parse ] --START--
NOTIC: [8] Undefined index: isLat1e C:\WWW\sign\Admin\Runtime\Cache\5323c3dae696ad7df5e6298279602b05.php 第 14 行.
NOTIC: [8] Undefined index: isLat1e C:\WWW\sign\Admin\Runtime\Cache\5323c3dae696ad7df5e6298279602b05.php 第 14 行.
NOTIC: [8] Undefined index: isLat1e C:\WWW\sign\Admin\Runtime\Cache\5323c3dae696ad7df5e6298279602b05.php 第 14 行.
NOTIC: [8] Undefined index: isLat1e C:\WWW\sign\Admin\Runtime\Cache\5323c3dae696ad7df5e6298279602b05.php 第 14 行.
NOTIC: [8] Undefined index: isLat1e C:\WWW\sign\Admin\Runtime\Cache\5323c3dae696ad7df5e6298279602b05.php 第 14 行.
INFO: ParseTemplate Behavior ::run [ RunTime:0.015625s ]
INFO: [ view_parse ] --END-- [ RunTime:0.015625s ]
INFO: [ view_filter ] --START--
INFO: ContentReplace Behavior ::run [ RunTime:0.000000s ]
INFO: TokenBuild Behavior ::run [ RunTime:0.000000s ]
INFO: WriteHtmlCache Behavior ::run [ RunTime:0.000000s ]
INFO: ShowRuntime Behavior ::run [ RunTime:0.000000s ]
INFO: [ view_filter ] --END-- [ RunTime:0.000000s ]
INFO: [ view_end ] --START--
INFO: ShowPageTrace Behavior ::run [ RunTime:0.000000s ]
INFO: [ view_end ] --END-- [ RunTime:0.000000s ]

[ 2015-04-28T09:18:25+08:00 ] 115.219.129.177 /sign/admin.php/MsgManage/index/team/%E6%97%A9%E7%8F%AD/p/3.html
INFO: [ route_check ] --START--
INFO: CheckRoute Behavior ::run [ RunTime:0.000000s ]
INFO: [ route_check ] --END-- [ RunTime:0.000000s ]
INFO: [ app_begin ] --START--
INFO: ReadHtmlCache Behavior ::run [ RunTime:0.000000s ]
INFO: [ app_begin ] --END-- [ RunTime:0.000000s ]
SQL: SHOW COLUMNS FROM `hx_attendance` [ RunTime:0.000000s ]
SQL: SELECT COUNT(*) AS tp_count FROM `hx_attendance` LIMIT 1   [ RunTime:0.000000s ]
SQL: SELECT * FROM `hx_attendance` WHERE ( `team` = '早班' ) ORDER BY id DESC LIMIT 10,5   [ RunTime:0.000000s ]
INFO: [ view_parse ] --START--
NOTIC: [8] Undefined index: isLat1e C:\WWW\sign\Admin\Runtime\Cache\5323c3dae696ad7df5e6298279602b05.php 第 14 行.
NOTIC: [8] Undefined index: isLat1e C:\WWW\sign\Admin\Runtime\Cache\5323c3dae696ad7df5e6298279602b05.php 第 14 行.
NOTIC: [8] Undefined index: isLat1e C:\WWW\sign\Admin\Runtime\Cache\5323c3dae696ad7df5e6298279602b05.php 第 14 行.
NOTIC: [8] Undefined index: isLat1e C:\WWW\sign\Admin\Runtime\Cache\5323c3dae696ad7df5e6298279602b05.php 第 14 行.
NOTIC: [8] Undefined index: isLat1e C:\WWW\sign\Admin\Runtime\Cache\5323c3dae696ad7df5e6298279602b05.php 第 14 行.
INFO: ParseTemplate Behavior ::run [ RunTime:0.000000s ]
INFO: [ view_parse ] --END-- [ RunTime:0.015625s ]
INFO: [ view_filter ] --START--
INFO: ContentReplace Behavior ::run [ RunTime:0.000000s ]
INFO: TokenBuild Behavior ::run [ RunTime:0.000000s ]
INFO: WriteHtmlCache Behavior ::run [ RunTime:0.000000s ]
INFO: ShowRuntime Behavior ::run [ RunTime:0.000000s ]
INFO: [ view_filter ] --END-- [ RunTime:0.000000s ]
INFO: [ view_end ] --START--
INFO: ShowPageTrace Behavior ::run [ RunTime:0.000000s ]
INFO: [ view_end ] --END-- [ RunTime:0.000000s ]

