[ 2015-04-25T09:11:55+08:00 ] 60.180.197.142 /sign/admin.php
INFO: [ app_begin ] --START--
INFO: ReadHtmlCache Behavior ::run [ RunTime:0.000000s ]
INFO: [ app_begin ] --END-- [ RunTime:0.000000s ]
INFO: [ view_parse ] --START--
INFO: ParseTemplate Behavior ::run [ RunTime:0.000000s ]
INFO: [ view_parse ] --END-- [ RunTime:0.000000s ]
INFO: [ view_filter ] --START--
INFO: ContentReplace Behavior ::run [ RunTime:0.000000s ]
INFO: TokenBuild Behavior ::run [ RunTime:0.000000s ]
INFO: WriteHtmlCache Behavior ::run [ RunTime:0.000000s ]
INFO: ShowRuntime Behavior ::run [ RunTime:0.000000s ]
INFO: [ view_filter ] --END-- [ RunTime:0.000000s ]
INFO: [ view_end ] --START--
INFO: ShowPageTrace Behavior ::run [ RunTime:0.015625s ]
INFO: [ view_end ] --END-- [ RunTime:0.015625s ]

[ 2015-04-25T09:11:58+08:00 ] 60.180.197.142 /sign/admin.php/MsgManage/index/team/%E6%97%A9%E7%8F%AD.html
INFO: [ route_check ] --START--
INFO: CheckRoute Behavior ::run [ RunTime:0.000000s ]
INFO: [ route_check ] --END-- [ RunTime:0.000000s ]
INFO: [ app_begin ] --START--
INFO: ReadHtmlCache Behavior ::run [ RunTime:0.000000s ]
INFO: [ app_begin ] --END-- [ RunTime:0.000000s ]
SQL: SHOW COLUMNS FROM `hx_attendance` [ RunTime:0.000000s ]
SQL: SELECT COUNT(*) AS tp_count FROM `hx_attendance` LIMIT 1   [ RunTime:0.000000s ]
SQL: SELECT * FROM `hx_attendance` WHERE ( `team` = '早班' ) ORDER BY id DESC LIMIT 0,2   [ RunTime:0.000000s ]
NOTIC: [8] Undefined index: qmtime C:\WWW\sign\Admin\Lib\Action\MsgManageAction.class.php 第 19 行.
NOTIC: [8] Undefined index: qmtime C:\WWW\sign\Admin\Lib\Action\MsgManageAction.class.php 第 19 行.
INFO: [ view_parse ] --START--
NOTIC: [8] Undefined index: isLat1e C:\WWW\sign\Admin\Runtime\Cache\5323c3dae696ad7df5e6298279602b05.php 第 14 行.
NOTIC: [8] Undefined index: isLat1e C:\WWW\sign\Admin\Runtime\Cache\5323c3dae696ad7df5e6298279602b05.php 第 14 行.
INFO: ParseTemplate Behavior ::run [ RunTime:0.015625s ]
INFO: [ view_parse ] --END-- [ RunTime:0.015625s ]
INFO: [ view_filter ] --START--
INFO: ContentReplace Behavior ::run [ RunTime:0.000000s ]
INFO: TokenBuild Behavior ::run [ RunTime:0.000000s ]
INFO: WriteHtmlCache Behavior ::run [ RunTime:0.000000s ]
INFO: ShowRuntime Behavior ::run [ RunTime:0.000000s ]
INFO: [ view_filter ] --END-- [ RunTime:0.000000s ]
INFO: [ view_end ] --START--
INFO: ShowPageTrace Behavior ::run [ RunTime:0.000000s ]
INFO: [ view_end ] --END-- [ RunTime:0.000000s ]

[ 2015-04-25T09:12:11+08:00 ] 60.180.197.142 /sign/admin.php/MsgManage/index/team/%E6%97%A9%E7%8F%AD/p/2.html
INFO: [ route_check ] --START--
INFO: CheckRoute Behavior ::run [ RunTime:0.000000s ]
INFO: [ route_check ] --END-- [ RunTime:0.000000s ]
INFO: [ app_begin ] --START--
INFO: ReadHtmlCache Behavior ::run [ RunTime:0.000000s ]
INFO: [ app_begin ] --END-- [ RunTime:0.000000s ]
SQL: SHOW COLUMNS FROM `hx_attendance` [ RunTime:0.015625s ]
SQL: SELECT COUNT(*) AS tp_count FROM `hx_attendance` LIMIT 1   [ RunTime:0.000000s ]
SQL: SELECT * FROM `hx_attendance` WHERE ( `team` = '早班' ) ORDER BY id DESC LIMIT 2,2   [ RunTime:0.000000s ]
NOTIC: [8] Undefined index: qmtime C:\WWW\sign\Admin\Lib\Action\MsgManageAction.class.php 第 19 行.
NOTIC: [8] Undefined index: qmtime C:\WWW\sign\Admin\Lib\Action\MsgManageAction.class.php 第 19 行.
INFO: [ view_parse ] --START--
NOTIC: [8] Undefined index: isLat1e C:\WWW\sign\Admin\Runtime\Cache\5323c3dae696ad7df5e6298279602b05.php 第 14 行.
NOTIC: [8] Undefined index: isLat1e C:\WWW\sign\Admin\Runtime\Cache\5323c3dae696ad7df5e6298279602b05.php 第 14 行.
INFO: ParseTemplate Behavior ::run [ RunTime:0.000000s ]
INFO: [ view_parse ] --END-- [ RunTime:0.000000s ]
INFO: [ view_filter ] --START--
INFO: ContentReplace Behavior ::run [ RunTime:0.000000s ]
INFO: TokenBuild Behavior ::run [ RunTime:0.000000s ]
INFO: WriteHtmlCache Behavior ::run [ RunTime:0.000000s ]
INFO: ShowRuntime Behavior ::run [ RunTime:0.000000s ]
INFO: [ view_filter ] --END-- [ RunTime:0.000000s ]
INFO: [ view_end ] --START--
INFO: ShowPageTrace Behavior ::run [ RunTime:0.015625s ]
INFO: [ view_end ] --END-- [ RunTime:0.015625s ]

[ 2015-04-25T09:12:13+08:00 ] 60.180.197.142 /sign/admin.php/MsgManage/index/team/%E6%97%A9%E7%8F%AD/p/3.html
INFO: [ route_check ] --START--
INFO: CheckRoute Behavior ::run [ RunTime:0.000000s ]
INFO: [ route_check ] --END-- [ RunTime:0.000000s ]
INFO: [ app_begin ] --START--
INFO: ReadHtmlCache Behavior ::run [ RunTime:0.000000s ]
INFO: [ app_begin ] --END-- [ RunTime:0.000000s ]
SQL: SHOW COLUMNS FROM `hx_attendance` [ RunTime:0.000000s ]
SQL: SELECT COUNT(*) AS tp_count FROM `hx_attendance` LIMIT 1   [ RunTime:0.000000s ]
SQL: SELECT * FROM `hx_attendance` WHERE ( `team` = '早班' ) ORDER BY id DESC LIMIT 4,2   [ RunTime:0.000000s ]
NOTIC: [8] Undefined index: qmtime C:\WWW\sign\Admin\Lib\Action\MsgManageAction.class.php 第 19 行.
NOTIC: [8] Undefined index: qmtime C:\WWW\sign\Admin\Lib\Action\MsgManageAction.class.php 第 19 行.
INFO: [ view_parse ] --START--
NOTIC: [8] Undefined index: isLat1e C:\WWW\sign\Admin\Runtime\Cache\5323c3dae696ad7df5e6298279602b05.php 第 14 行.
NOTIC: [8] Undefined index: isLat1e C:\WWW\sign\Admin\Runtime\Cache\5323c3dae696ad7df5e6298279602b05.php 第 14 行.
INFO: ParseTemplate Behavior ::run [ RunTime:0.015625s ]
INFO: [ view_parse ] --END-- [ RunTime:0.015625s ]
INFO: [ view_filter ] --START--
INFO: ContentReplace Behavior ::run [ RunTime:0.000000s ]
INFO: TokenBuild Behavior ::run [ RunTime:0.000000s ]
INFO: WriteHtmlCache Behavior ::run [ RunTime:0.000000s ]
INFO: ShowRuntime Behavior ::run [ RunTime:0.000000s ]
INFO: [ view_filter ] --END-- [ RunTime:0.000000s ]
INFO: [ view_end ] --START--
INFO: ShowPageTrace Behavior ::run [ RunTime:0.000000s ]
INFO: [ view_end ] --END-- [ RunTime:0.000000s ]

[ 2015-04-25T09:12:14+08:00 ] 60.180.197.142 /sign/admin.php/MsgManage/index/team/%E6%97%A9%E7%8F%AD/p/4.html
INFO: [ route_check ] --START--
INFO: CheckRoute Behavior ::run [ RunTime:0.000000s ]
INFO: [ route_check ] --END-- [ RunTime:0.000000s ]
INFO: [ app_begin ] --START--
INFO: ReadHtmlCache Behavior ::run [ RunTime:0.000000s ]
INFO: [ app_begin ] --END-- [ RunTime:0.000000s ]
SQL: SHOW COLUMNS FROM `hx_attendance` [ RunTime:0.000000s ]
SQL: SELECT COUNT(*) AS tp_count FROM `hx_attendance` LIMIT 1   [ RunTime:0.000000s ]
SQL: SELECT * FROM `hx_attendance` WHERE ( `team` = '早班' ) ORDER BY id DESC LIMIT 6,2   [ RunTime:0.000000s ]
NOTIC: [8] Undefined index: qmtime C:\WWW\sign\Admin\Lib\Action\MsgManageAction.class.php 第 19 行.
INFO: [ view_parse ] --START--
NOTIC: [8] Undefined index: isLat1e C:\WWW\sign\Admin\Runtime\Cache\5323c3dae696ad7df5e6298279602b05.php 第 14 行.
INFO: ParseTemplate Behavior ::run [ RunTime:0.015625s ]
INFO: [ view_parse ] --END-- [ RunTime:0.015625s ]
INFO: [ view_filter ] --START--
INFO: ContentReplace Behavior ::run [ RunTime:0.000000s ]
INFO: TokenBuild Behavior ::run [ RunTime:0.000000s ]
INFO: WriteHtmlCache Behavior ::run [ RunTime:0.000000s ]
INFO: ShowRuntime Behavior ::run [ RunTime:0.000000s ]
INFO: [ view_filter ] --END-- [ RunTime:0.000000s ]
INFO: [ view_end ] --START--
INFO: ShowPageTrace Behavior ::run [ RunTime:0.000000s ]
INFO: [ view_end ] --END-- [ RunTime:0.000000s ]

[ 2015-04-25T09:12:15+08:00 ] 60.180.197.142 /sign/admin.php/MsgManage/index/team/%E6%97%A9%E7%8F%AD/p/3.html
INFO: [ route_check ] --START--
INFO: CheckRoute Behavior ::run [ RunTime:0.000000s ]
INFO: [ route_check ] --END-- [ RunTime:0.000000s ]
INFO: [ app_begin ] --START--
INFO: ReadHtmlCache Behavior ::run [ RunTime:0.000000s ]
INFO: [ app_begin ] --END-- [ RunTime:0.000000s ]
SQL: SHOW COLUMNS FROM `hx_attendance` [ RunTime:0.000000s ]
SQL: SELECT COUNT(*) AS tp_count FROM `hx_attendance` LIMIT 1   [ RunTime:0.000000s ]
SQL: SELECT * FROM `hx_attendance` WHERE ( `team` = '早班' ) ORDER BY id DESC LIMIT 4,2   [ RunTime:0.015625s ]
NOTIC: [8] Undefined index: qmtime C:\WWW\sign\Admin\Lib\Action\MsgManageAction.class.php 第 19 行.
NOTIC: [8] Undefined index: qmtime C:\WWW\sign\Admin\Lib\Action\MsgManageAction.class.php 第 19 行.
INFO: [ view_parse ] --START--
NOTIC: [8] Undefined index: isLat1e C:\WWW\sign\Admin\Runtime\Cache\5323c3dae696ad7df5e6298279602b05.php 第 14 行.
NOTIC: [8] Undefined index: isLat1e C:\WWW\sign\Admin\Runtime\Cache\5323c3dae696ad7df5e6298279602b05.php 第 14 行.
INFO: ParseTemplate Behavior ::run [ RunTime:0.000000s ]
INFO: [ view_parse ] --END-- [ RunTime:0.000000s ]
INFO: [ view_filter ] --START--
INFO: ContentReplace Behavior ::run [ RunTime:0.000000s ]
INFO: TokenBuild Behavior ::run [ RunTime:0.000000s ]
INFO: WriteHtmlCache Behavior ::run [ RunTime:0.000000s ]
INFO: ShowRuntime Behavior ::run [ RunTime:0.000000s ]
INFO: [ view_filter ] --END-- [ RunTime:0.000000s ]
INFO: [ view_end ] --START--
INFO: ShowPageTrace Behavior ::run [ RunTime:0.015625s ]
INFO: [ view_end ] --END-- [ RunTime:0.015625s ]

[ 2015-04-25T09:12:20+08:00 ] 60.180.197.142 /sign/admin.php/MsgManage/delete/id/13.html
INFO: [ route_check ] --START--
INFO: CheckRoute Behavior ::run [ RunTime:0.000000s ]
INFO: [ route_check ] --END-- [ RunTime:0.000000s ]
INFO: [ app_begin ] --START--
INFO: ReadHtmlCache Behavior ::run [ RunTime:0.000000s ]
INFO: [ app_begin ] --END-- [ RunTime:0.000000s ]
SQL: SHOW COLUMNS FROM `hx_attendance` [ RunTime:0.000000s ]
SQL: UPDATE `hx_attendance` SET `state`=0 WHERE ( `id` = 13 ) [ RunTime:0.000000s ]
INFO: [ view_parse ] --START--
INFO: ParseTemplate Behavior ::run [ RunTime:0.000000s ]
INFO: [ view_parse ] --END-- [ RunTime:0.000000s ]
INFO: [ view_filter ] --START--
INFO: ContentReplace Behavior ::run [ RunTime:0.000000s ]
INFO: TokenBuild Behavior ::run [ RunTime:0.000000s ]
INFO: WriteHtmlCache Behavior ::run [ RunTime:0.000000s ]
INFO: ShowRuntime Behavior ::run [ RunTime:0.000000s ]
INFO: [ view_filter ] --END-- [ RunTime:0.000000s ]
INFO: [ view_end ] --START--
INFO: ShowPageTrace Behavior ::run [ RunTime:0.015625s ]
INFO: [ view_end ] --END-- [ RunTime:0.015625s ]

[ 2015-04-25T09:12:21+08:00 ] 60.180.197.142 /sign/admin.php/MsgManage/index/team/%E6%97%A9%E7%8F%AD/p/3.html
INFO: [ route_check ] --START--
INFO: CheckRoute Behavior ::run [ RunTime:0.000000s ]
INFO: [ route_check ] --END-- [ RunTime:0.000000s ]
INFO: [ app_begin ] --START--
INFO: ReadHtmlCache Behavior ::run [ RunTime:0.000000s ]
INFO: [ app_begin ] --END-- [ RunTime:0.000000s ]
SQL: SHOW COLUMNS FROM `hx_attendance` [ RunTime:0.015626s ]
SQL: SELECT COUNT(*) AS tp_count FROM `hx_attendance` LIMIT 1   [ RunTime:0.000000s ]
SQL: SELECT * FROM `hx_attendance` WHERE ( `team` = '早班' ) ORDER BY id DESC LIMIT 4,2   [ RunTime:0.000000s ]
NOTIC: [8] Undefined index: qmtime C:\WWW\sign\Admin\Lib\Action\MsgManageAction.class.php 第 19 行.
NOTIC: [8] Undefined index: qmtime C:\WWW\sign\Admin\Lib\Action\MsgManageAction.class.php 第 19 行.
INFO: [ view_parse ] --START--
NOTIC: [8] Undefined index: isLat1e C:\WWW\sign\Admin\Runtime\Cache\5323c3dae696ad7df5e6298279602b05.php 第 14 行.
NOTIC: [8] Undefined index: isLat1e C:\WWW\sign\Admin\Runtime\Cache\5323c3dae696ad7df5e6298279602b05.php 第 14 行.
INFO: ParseTemplate Behavior ::run [ RunTime:0.000000s ]
INFO: [ view_parse ] --END-- [ RunTime:0.000000s ]
INFO: [ view_filter ] --START--
INFO: ContentReplace Behavior ::run [ RunTime:0.000000s ]
INFO: TokenBuild Behavior ::run [ RunTime:0.000000s ]
INFO: WriteHtmlCache Behavior ::run [ RunTime:0.000000s ]
INFO: ShowRuntime Behavior ::run [ RunTime:0.000000s ]
INFO: [ view_filter ] --END-- [ RunTime:0.000000s ]
INFO: [ view_end ] --START--
INFO: ShowPageTrace Behavior ::run [ RunTime:0.000000s ]
INFO: [ view_end ] --END-- [ RunTime:0.015625s ]

[ 2015-04-25T09:12:25+08:00 ] 60.180.197.142 /sign/admin.php/MsgManage/index/team/%E6%97%A9%E7%8F%AD/p/2.html
INFO: [ route_check ] --START--
INFO: CheckRoute Behavior ::run [ RunTime:0.000000s ]
INFO: [ route_check ] --END-- [ RunTime:0.000000s ]
INFO: [ app_begin ] --START--
INFO: ReadHtmlCache Behavior ::run [ RunTime:0.000000s ]
INFO: [ app_begin ] --END-- [ RunTime:0.000000s ]
SQL: SHOW COLUMNS FROM `hx_attendance` [ RunTime:0.000000s ]
SQL: SELECT COUNT(*) AS tp_count FROM `hx_attendance` LIMIT 1   [ RunTime:0.000000s ]
SQL: SELECT * FROM `hx_attendance` WHERE ( `team` = '早班' ) ORDER BY id DESC LIMIT 2,2   [ RunTime:0.000000s ]
NOTIC: [8] Undefined index: qmtime C:\WWW\sign\Admin\Lib\Action\MsgManageAction.class.php 第 19 行.
NOTIC: [8] Undefined index: qmtime C:\WWW\sign\Admin\Lib\Action\MsgManageAction.class.php 第 19 行.
INFO: [ view_parse ] --START--
NOTIC: [8] Undefined index: isLat1e C:\WWW\sign\Admin\Runtime\Cache\5323c3dae696ad7df5e6298279602b05.php 第 14 行.
NOTIC: [8] Undefined index: isLat1e C:\WWW\sign\Admin\Runtime\Cache\5323c3dae696ad7df5e6298279602b05.php 第 14 行.
INFO: ParseTemplate Behavior ::run [ RunTime:0.015625s ]
INFO: [ view_parse ] --END-- [ RunTime:0.015625s ]
INFO: [ view_filter ] --START--
INFO: ContentReplace Behavior ::run [ RunTime:0.000000s ]
INFO: TokenBuild Behavior ::run [ RunTime:0.000000s ]
INFO: WriteHtmlCache Behavior ::run [ RunTime:0.000000s ]
INFO: ShowRuntime Behavior ::run [ RunTime:0.000000s ]
INFO: [ view_filter ] --END-- [ RunTime:0.000000s ]
INFO: [ view_end ] --START--
INFO: ShowPageTrace Behavior ::run [ RunTime:0.000000s ]
INFO: [ view_end ] --END-- [ RunTime:0.000000s ]

[ 2015-04-25T09:12:26+08:00 ] 60.180.197.142 /sign/admin.php/MsgManage/index/team/%E6%97%A9%E7%8F%AD/p/1.html
INFO: [ route_check ] --START--
INFO: CheckRoute Behavior ::run [ RunTime:0.000000s ]
INFO: [ route_check ] --END-- [ RunTime:0.000000s ]
INFO: [ app_begin ] --START--
INFO: ReadHtmlCache Behavior ::run [ RunTime:0.000000s ]
INFO: [ app_begin ] --END-- [ RunTime:0.000000s ]
SQL: SHOW COLUMNS FROM `hx_attendance` [ RunTime:0.000000s ]
SQL: SELECT COUNT(*) AS tp_count FROM `hx_attendance` LIMIT 1   [ RunTime:0.000000s ]
SQL: SELECT * FROM `hx_attendance` WHERE ( `team` = '早班' ) ORDER BY id DESC LIMIT 0,2   [ RunTime:0.000000s ]
NOTIC: [8] Undefined index: qmtime C:\WWW\sign\Admin\Lib\Action\MsgManageAction.class.php 第 19 行.
NOTIC: [8] Undefined index: qmtime C:\WWW\sign\Admin\Lib\Action\MsgManageAction.class.php 第 19 行.
INFO: [ view_parse ] --START--
NOTIC: [8] Undefined index: isLat1e C:\WWW\sign\Admin\Runtime\Cache\5323c3dae696ad7df5e6298279602b05.php 第 14 行.
NOTIC: [8] Undefined index: isLat1e C:\WWW\sign\Admin\Runtime\Cache\5323c3dae696ad7df5e6298279602b05.php 第 14 行.
INFO: ParseTemplate Behavior ::run [ RunTime:0.000000s ]
INFO: [ view_parse ] --END-- [ RunTime:0.000000s ]
INFO: [ view_filter ] --START--
INFO: ContentReplace Behavior ::run [ RunTime:0.000000s ]
INFO: TokenBuild Behavior ::run [ RunTime:0.000000s ]
INFO: WriteHtmlCache Behavior ::run [ RunTime:0.015625s ]
INFO: ShowRuntime Behavior ::run [ RunTime:0.000000s ]
INFO: [ view_filter ] --END-- [ RunTime:0.015625s ]
INFO: [ view_end ] --START--
INFO: ShowPageTrace Behavior ::run [ RunTime:0.000000s ]
INFO: [ view_end ] --END-- [ RunTime:0.000000s ]

[ 2015-04-25T09:12:30+08:00 ] 60.180.197.142 /sign/admin.php/MsgManage/index/team/%E6%97%A9%E7%8F%AD.html
INFO: [ route_check ] --START--
INFO: CheckRoute Behavior ::run [ RunTime:0.000000s ]
INFO: [ route_check ] --END-- [ RunTime:0.000000s ]
INFO: [ app_begin ] --START--
INFO: ReadHtmlCache Behavior ::run [ RunTime:0.000000s ]
INFO: [ app_begin ] --END-- [ RunTime:0.000000s ]
SQL: SHOW COLUMNS FROM `hx_attendance` [ RunTime:0.000000s ]
SQL: SELECT COUNT(*) AS tp_count FROM `hx_attendance` LIMIT 1   [ RunTime:0.000000s ]
SQL: SELECT * FROM `hx_attendance` WHERE ( `team` = '早班' ) ORDER BY id DESC LIMIT 0,2   [ RunTime:0.000000s ]
NOTIC: [8] Undefined index: qmtime C:\WWW\sign\Admin\Lib\Action\MsgManageAction.class.php 第 19 行.
NOTIC: [8] Undefined index: qmtime C:\WWW\sign\Admin\Lib\Action\MsgManageAction.class.php 第 19 行.
INFO: [ view_parse ] --START--
NOTIC: [8] Undefined index: isLat1e C:\WWW\sign\Admin\Runtime\Cache\5323c3dae696ad7df5e6298279602b05.php 第 14 行.
NOTIC: [8] Undefined index: isLat1e C:\WWW\sign\Admin\Runtime\Cache\5323c3dae696ad7df5e6298279602b05.php 第 14 行.
INFO: ParseTemplate Behavior ::run [ RunTime:0.015625s ]
INFO: [ view_parse ] --END-- [ RunTime:0.015625s ]
INFO: [ view_filter ] --START--
INFO: ContentReplace Behavior ::run [ RunTime:0.000000s ]
INFO: TokenBuild Behavior ::run [ RunTime:0.000000s ]
INFO: WriteHtmlCache Behavior ::run [ RunTime:0.000000s ]
INFO: ShowRuntime Behavior ::run [ RunTime:0.000000s ]
INFO: [ view_filter ] --END-- [ RunTime:0.000000s ]
INFO: [ view_end ] --START--
INFO: ShowPageTrace Behavior ::run [ RunTime:0.000000s ]
INFO: [ view_end ] --END-- [ RunTime:0.000000s ]

[ 2015-04-25T09:12:31+08:00 ] 60.180.197.142 /sign/admin.php/MsgManage/index/team/%E4%B8%AD%E7%8F%AD.html
INFO: [ route_check ] --START--
INFO: CheckRoute Behavior ::run [ RunTime:0.000000s ]
INFO: [ route_check ] --END-- [ RunTime:0.000000s ]
INFO: [ app_begin ] --START--
INFO: ReadHtmlCache Behavior ::run [ RunTime:0.000000s ]
INFO: [ app_begin ] --END-- [ RunTime:0.000000s ]
SQL: SHOW COLUMNS FROM `hx_attendance` [ RunTime:0.000000s ]
SQL: SELECT COUNT(*) AS tp_count FROM `hx_attendance` LIMIT 1   [ RunTime:0.000000s ]
SQL: SELECT * FROM `hx_attendance` WHERE ( `team` = '中班' ) ORDER BY id DESC LIMIT 0,2   [ RunTime:0.000000s ]
NOTIC: [8] Undefined index: qmtime C:\WWW\sign\Admin\Lib\Action\MsgManageAction.class.php 第 24 行.
INFO: [ view_parse ] --START--
NOTIC: [8] Undefined index: isLat1e C:\WWW\sign\Admin\Runtime\Cache\5323c3dae696ad7df5e6298279602b05.php 第 14 行.
INFO: ParseTemplate Behavior ::run [ RunTime:0.000000s ]
INFO: [ view_parse ] --END-- [ RunTime:0.000000s ]
INFO: [ view_filter ] --START--
INFO: ContentReplace Behavior ::run [ RunTime:0.000000s ]
INFO: TokenBuild Behavior ::run [ RunTime:0.000000s ]
INFO: WriteHtmlCache Behavior ::run [ RunTime:0.000000s ]
INFO: ShowRuntime Behavior ::run [ RunTime:0.000000s ]
INFO: [ view_filter ] --END-- [ RunTime:0.000000s ]
INFO: [ view_end ] --START--
INFO: ShowPageTrace Behavior ::run [ RunTime:0.000000s ]
INFO: [ view_end ] --END-- [ RunTime:0.000000s ]

[ 2015-04-25T09:12:35+08:00 ] 60.180.197.142 /sign/admin.php/MsgManage/index/team/%E6%99%9A%E7%8F%AD.html
INFO: [ route_check ] --START--
INFO: CheckRoute Behavior ::run [ RunTime:0.000000s ]
INFO: [ route_check ] --END-- [ RunTime:0.000000s ]
INFO: [ app_begin ] --START--
INFO: ReadHtmlCache Behavior ::run [ RunTime:0.000000s ]
INFO: [ app_begin ] --END-- [ RunTime:0.000000s ]
SQL: SHOW COLUMNS FROM `hx_attendance` [ RunTime:0.000000s ]
SQL: SELECT COUNT(*) AS tp_count FROM `hx_attendance` LIMIT 1   [ RunTime:0.000000s ]
SQL: SELECT * FROM `hx_attendance` WHERE ( `team` = '晚班' ) ORDER BY id DESC LIMIT 0,2   [ RunTime:0.000000s ]
INFO: [ view_parse ] --START--
INFO: ParseTemplate Behavior ::run [ RunTime:0.000000s ]
INFO: [ view_parse ] --END-- [ RunTime:0.000000s ]
INFO: [ view_filter ] --START--
INFO: ContentReplace Behavior ::run [ RunTime:0.000000s ]
INFO: TokenBuild Behavior ::run [ RunTime:0.000000s ]
INFO: WriteHtmlCache Behavior ::run [ RunTime:0.000000s ]
INFO: ShowRuntime Behavior ::run [ RunTime:0.000000s ]
INFO: [ view_filter ] --END-- [ RunTime:0.015625s ]
INFO: [ view_end ] --START--
INFO: ShowPageTrace Behavior ::run [ RunTime:0.000000s ]
INFO: [ view_end ] --END-- [ RunTime:0.000000s ]

[ 2015-04-25T09:12:37+08:00 ] 60.180.197.142 /sign/admin.php/MsgManage/index/team/%E6%97%A9%E7%8F%AD.html
INFO: [ route_check ] --START--
INFO: CheckRoute Behavior ::run [ RunTime:0.000000s ]
INFO: [ route_check ] --END-- [ RunTime:0.000000s ]
INFO: [ app_begin ] --START--
INFO: ReadHtmlCache Behavior ::run [ RunTime:0.000000s ]
INFO: [ app_begin ] --END-- [ RunTime:0.000000s ]
SQL: SHOW COLUMNS FROM `hx_attendance` [ RunTime:0.000000s ]
SQL: SELECT COUNT(*) AS tp_count FROM `hx_attendance` LIMIT 1   [ RunTime:0.000000s ]
SQL: SELECT * FROM `hx_attendance` WHERE ( `team` = '早班' ) ORDER BY id DESC LIMIT 0,2   [ RunTime:0.000000s ]
NOTIC: [8] Undefined index: qmtime C:\WWW\sign\Admin\Lib\Action\MsgManageAction.class.php 第 19 行.
NOTIC: [8] Undefined index: qmtime C:\WWW\sign\Admin\Lib\Action\MsgManageAction.class.php 第 19 行.
INFO: [ view_parse ] --START--
NOTIC: [8] Undefined index: isLat1e C:\WWW\sign\Admin\Runtime\Cache\5323c3dae696ad7df5e6298279602b05.php 第 14 行.
NOTIC: [8] Undefined index: isLat1e C:\WWW\sign\Admin\Runtime\Cache\5323c3dae696ad7df5e6298279602b05.php 第 14 行.
INFO: ParseTemplate Behavior ::run [ RunTime:0.000000s ]
INFO: [ view_parse ] --END-- [ RunTime:0.000000s ]
INFO: [ view_filter ] --START--
INFO: ContentReplace Behavior ::run [ RunTime:0.000000s ]
INFO: TokenBuild Behavior ::run [ RunTime:0.000000s ]
INFO: WriteHtmlCache Behavior ::run [ RunTime:0.000000s ]
INFO: ShowRuntime Behavior ::run [ RunTime:0.000000s ]
INFO: [ view_filter ] --END-- [ RunTime:0.000000s ]
INFO: [ view_end ] --START--
INFO: ShowPageTrace Behavior ::run [ RunTime:0.000000s ]
INFO: [ view_end ] --END-- [ RunTime:0.000000s ]

[ 2015-04-25T09:13:17+08:00 ] 60.180.197.142 /sign/admin.php/MsgManage/index/team/%E6%97%A9%E7%8F%AD.html
INFO: [ route_check ] --START--
INFO: CheckRoute Behavior ::run [ RunTime:0.000000s ]
INFO: [ route_check ] --END-- [ RunTime:0.000000s ]
INFO: [ app_begin ] --START--
INFO: ReadHtmlCache Behavior ::run [ RunTime:0.000000s ]
INFO: [ app_begin ] --END-- [ RunTime:0.000000s ]
SQL: SHOW COLUMNS FROM `hx_attendance` [ RunTime:0.000000s ]
SQL: SELECT COUNT(*) AS tp_count FROM `hx_attendance` LIMIT 1   [ RunTime:0.000000s ]
SQL: SELECT * FROM `hx_attendance` WHERE ( `team` = '早班' ) ORDER BY id DESC LIMIT 0,2   [ RunTime:0.000000s ]
NOTIC: [8] Undefined index: qmtime C:\WWW\sign\Admin\Lib\Action\MsgManageAction.class.php 第 19 行.
NOTIC: [8] Undefined index: qmtime C:\WWW\sign\Admin\Lib\Action\MsgManageAction.class.php 第 19 行.
INFO: [ view_parse ] --START--
NOTIC: [8] Undefined index: isLat1e C:\WWW\sign\Admin\Runtime\Cache\5323c3dae696ad7df5e6298279602b05.php 第 14 行.
NOTIC: [8] Undefined index: isLat1e C:\WWW\sign\Admin\Runtime\Cache\5323c3dae696ad7df5e6298279602b05.php 第 14 行.
INFO: ParseTemplate Behavior ::run [ RunTime:0.000000s ]
INFO: [ view_parse ] --END-- [ RunTime:0.000000s ]
INFO: [ view_filter ] --START--
INFO: ContentReplace Behavior ::run [ RunTime:0.000000s ]
INFO: TokenBuild Behavior ::run [ RunTime:0.000000s ]
INFO: WriteHtmlCache Behavior ::run [ RunTime:0.000000s ]
INFO: ShowRuntime Behavior ::run [ RunTime:0.000000s ]
INFO: [ view_filter ] --END-- [ RunTime:0.000000s ]
INFO: [ view_end ] --START--
INFO: ShowPageTrace Behavior ::run [ RunTime:0.000000s ]
INFO: [ view_end ] --END-- [ RunTime:0.000000s ]

[ 2015-04-25T09:13:20+08:00 ] 60.180.197.142 /sign/admin.php/MsgManage/index/team/%E6%97%A9%E7%8F%AD.html
INFO: [ route_check ] --START--
INFO: CheckRoute Behavior ::run [ RunTime:0.000000s ]
INFO: [ route_check ] --END-- [ RunTime:0.000000s ]
INFO: [ app_begin ] --START--
INFO: ReadHtmlCache Behavior ::run [ RunTime:0.000000s ]
INFO: [ app_begin ] --END-- [ RunTime:0.000000s ]
SQL: SHOW COLUMNS FROM `hx_attendance` [ RunTime:0.000000s ]
SQL: SELECT COUNT(*) AS tp_count FROM `hx_attendance` LIMIT 1   [ RunTime:0.000000s ]
SQL: SELECT * FROM `hx_attendance` WHERE ( `team` = '早班' ) ORDER BY id DESC LIMIT 0,2   [ RunTime:0.000000s ]
NOTIC: [8] Undefined index: qmtime C:\WWW\sign\Admin\Lib\Action\MsgManageAction.class.php 第 19 行.
NOTIC: [8] Undefined index: qmtime C:\WWW\sign\Admin\Lib\Action\MsgManageAction.class.php 第 19 行.
INFO: [ view_parse ] --START--
NOTIC: [8] Undefined index: isLat1e C:\WWW\sign\Admin\Runtime\Cache\5323c3dae696ad7df5e6298279602b05.php 第 14 行.
NOTIC: [8] Undefined index: isLat1e C:\WWW\sign\Admin\Runtime\Cache\5323c3dae696ad7df5e6298279602b05.php 第 14 行.
INFO: ParseTemplate Behavior ::run [ RunTime:0.015625s ]
INFO: [ view_parse ] --END-- [ RunTime:0.015625s ]
INFO: [ view_filter ] --START--
INFO: ContentReplace Behavior ::run [ RunTime:0.000000s ]
INFO: TokenBuild Behavior ::run [ RunTime:0.000000s ]
INFO: WriteHtmlCache Behavior ::run [ RunTime:0.000000s ]
INFO: ShowRuntime Behavior ::run [ RunTime:0.000000s ]
INFO: [ view_filter ] --END-- [ RunTime:0.000000s ]
INFO: [ view_end ] --START--
INFO: ShowPageTrace Behavior ::run [ RunTime:0.000000s ]
INFO: [ view_end ] --END-- [ RunTime:0.000000s ]

[ 2015-04-25T09:13:22+08:00 ] 60.180.197.142 /sign/admin.php/MsgManage/index/team/%E4%B8%AD%E7%8F%AD.html
INFO: [ route_check ] --START--
INFO: CheckRoute Behavior ::run [ RunTime:0.000000s ]
INFO: [ route_check ] --END-- [ RunTime:0.000000s ]
INFO: [ app_begin ] --START--
INFO: ReadHtmlCache Behavior ::run [ RunTime:0.000000s ]
INFO: [ app_begin ] --END-- [ RunTime:0.000000s ]
SQL: SHOW COLUMNS FROM `hx_attendance` [ RunTime:0.000000s ]
SQL: SELECT COUNT(*) AS tp_count FROM `hx_attendance` LIMIT 1   [ RunTime:0.000000s ]
SQL: SELECT * FROM `hx_attendance` WHERE ( `team` = '中班' ) ORDER BY id DESC LIMIT 0,2   [ RunTime:0.000000s ]
NOTIC: [8] Undefined index: qmtime C:\WWW\sign\Admin\Lib\Action\MsgManageAction.class.php 第 24 行.
INFO: [ view_parse ] --START--
NOTIC: [8] Undefined index: isLat1e C:\WWW\sign\Admin\Runtime\Cache\5323c3dae696ad7df5e6298279602b05.php 第 14 行.
INFO: ParseTemplate Behavior ::run [ RunTime:0.000000s ]
INFO: [ view_parse ] --END-- [ RunTime:0.015625s ]
INFO: [ view_filter ] --START--
INFO: ContentReplace Behavior ::run [ RunTime:0.000000s ]
INFO: TokenBuild Behavior ::run [ RunTime:0.000000s ]
INFO: WriteHtmlCache Behavior ::run [ RunTime:0.000000s ]
INFO: ShowRuntime Behavior ::run [ RunTime:0.000000s ]
INFO: [ view_filter ] --END-- [ RunTime:0.000000s ]
INFO: [ view_end ] --START--
INFO: ShowPageTrace Behavior ::run [ RunTime:0.000000s ]
INFO: [ view_end ] --END-- [ RunTime:0.000000s ]

[ 2015-04-25T09:13:23+08:00 ] 60.180.197.142 /sign/admin.php/MsgManage/index/team/%E6%99%9A%E7%8F%AD.html
INFO: [ route_check ] --START--
INFO: CheckRoute Behavior ::run [ RunTime:0.000000s ]
INFO: [ route_check ] --END-- [ RunTime:0.000000s ]
INFO: [ app_begin ] --START--
INFO: ReadHtmlCache Behavior ::run [ RunTime:0.000000s ]
INFO: [ app_begin ] --END-- [ RunTime:0.000000s ]
SQL: SHOW COLUMNS FROM `hx_attendance` [ RunTime:0.000000s ]
SQL: SELECT COUNT(*) AS tp_count FROM `hx_attendance` LIMIT 1   [ RunTime:0.000000s ]
SQL: SELECT * FROM `hx_attendance` WHERE ( `team` = '晚班' ) ORDER BY id DESC LIMIT 0,2   [ RunTime:0.000000s ]
INFO: [ view_parse ] --START--
INFO: ParseTemplate Behavior ::run [ RunTime:0.015626s ]
INFO: [ view_parse ] --END-- [ RunTime:0.015626s ]
INFO: [ view_filter ] --START--
INFO: ContentReplace Behavior ::run [ RunTime:0.000000s ]
INFO: TokenBuild Behavior ::run [ RunTime:0.000000s ]
INFO: WriteHtmlCache Behavior ::run [ RunTime:0.000000s ]
INFO: ShowRuntime Behavior ::run [ RunTime:0.000000s ]
INFO: [ view_filter ] --END-- [ RunTime:0.000000s ]
INFO: [ view_end ] --START--
INFO: ShowPageTrace Behavior ::run [ RunTime:0.000000s ]
INFO: [ view_end ] --END-- [ RunTime:0.000000s ]

[ 2015-04-25T09:13:24+08:00 ] 60.180.197.142 /sign/admin.php/MsgManage/index/team/%E6%97%A9%E7%8F%AD.html
INFO: [ route_check ] --START--
INFO: CheckRoute Behavior ::run [ RunTime:0.000000s ]
INFO: [ route_check ] --END-- [ RunTime:0.000000s ]
INFO: [ app_begin ] --START--
INFO: ReadHtmlCache Behavior ::run [ RunTime:0.000000s ]
INFO: [ app_begin ] --END-- [ RunTime:0.000000s ]
SQL: SHOW COLUMNS FROM `hx_attendance` [ RunTime:0.000000s ]
SQL: SELECT COUNT(*) AS tp_count FROM `hx_attendance` LIMIT 1   [ RunTime:0.000000s ]
SQL: SELECT * FROM `hx_attendance` WHERE ( `team` = '早班' ) ORDER BY id DESC LIMIT 0,2   [ RunTime:0.000000s ]
NOTIC: [8] Undefined index: qmtime C:\WWW\sign\Admin\Lib\Action\MsgManageAction.class.php 第 19 行.
NOTIC: [8] Undefined index: qmtime C:\WWW\sign\Admin\Lib\Action\MsgManageAction.class.php 第 19 行.
INFO: [ view_parse ] --START--
NOTIC: [8] Undefined index: isLat1e C:\WWW\sign\Admin\Runtime\Cache\5323c3dae696ad7df5e6298279602b05.php 第 14 行.
NOTIC: [8] Undefined index: isLat1e C:\WWW\sign\Admin\Runtime\Cache\5323c3dae696ad7df5e6298279602b05.php 第 14 行.
INFO: ParseTemplate Behavior ::run [ RunTime:0.015625s ]
INFO: [ view_parse ] --END-- [ RunTime:0.015625s ]
INFO: [ view_filter ] --START--
INFO: ContentReplace Behavior ::run [ RunTime:0.000000s ]
INFO: TokenBuild Behavior ::run [ RunTime:0.000000s ]
INFO: WriteHtmlCache Behavior ::run [ RunTime:0.000000s ]
INFO: ShowRuntime Behavior ::run [ RunTime:0.000000s ]
INFO: [ view_filter ] --END-- [ RunTime:0.000000s ]
INFO: [ view_end ] --START--
INFO: ShowPageTrace Behavior ::run [ RunTime:0.000000s ]
INFO: [ view_end ] --END-- [ RunTime:0.000000s ]

[ 2015-04-25T09:13:26+08:00 ] 60.180.197.142 /sign/admin.php/MsgManage/index/team/%E6%97%A9%E7%8F%AD/p/2.html
INFO: [ route_check ] --START--
INFO: CheckRoute Behavior ::run [ RunTime:0.015625s ]
INFO: [ route_check ] --END-- [ RunTime:0.015625s ]
INFO: [ app_begin ] --START--
INFO: ReadHtmlCache Behavior ::run [ RunTime:0.000000s ]
INFO: [ app_begin ] --END-- [ RunTime:0.000000s ]
SQL: SHOW COLUMNS FROM `hx_attendance` [ RunTime:0.000000s ]
SQL: SELECT COUNT(*) AS tp_count FROM `hx_attendance` LIMIT 1   [ RunTime:0.000000s ]
SQL: SELECT * FROM `hx_attendance` WHERE ( `team` = '早班' ) ORDER BY id DESC LIMIT 2,2   [ RunTime:0.000000s ]
NOTIC: [8] Undefined index: qmtime C:\WWW\sign\Admin\Lib\Action\MsgManageAction.class.php 第 19 行.
NOTIC: [8] Undefined index: qmtime C:\WWW\sign\Admin\Lib\Action\MsgManageAction.class.php 第 19 行.
INFO: [ view_parse ] --START--
NOTIC: [8] Undefined index: isLat1e C:\WWW\sign\Admin\Runtime\Cache\5323c3dae696ad7df5e6298279602b05.php 第 14 行.
NOTIC: [8] Undefined index: isLat1e C:\WWW\sign\Admin\Runtime\Cache\5323c3dae696ad7df5e6298279602b05.php 第 14 行.
INFO: ParseTemplate Behavior ::run [ RunTime:0.015625s ]
INFO: [ view_parse ] --END-- [ RunTime:0.015625s ]
INFO: [ view_filter ] --START--
INFO: ContentReplace Behavior ::run [ RunTime:0.000000s ]
INFO: TokenBuild Behavior ::run [ RunTime:0.000000s ]
INFO: WriteHtmlCache Behavior ::run [ RunTime:0.000000s ]
INFO: ShowRuntime Behavior ::run [ RunTime:0.000000s ]
INFO: [ view_filter ] --END-- [ RunTime:0.000000s ]
INFO: [ view_end ] --START--
INFO: ShowPageTrace Behavior ::run [ RunTime:0.000000s ]
INFO: [ view_end ] --END-- [ RunTime:0.000000s ]

[ 2015-04-25T09:13:27+08:00 ] 60.180.197.142 /sign/admin.php/MsgManage/index/team/%E6%97%A9%E7%8F%AD/p/3.html
INFO: [ route_check ] --START--
INFO: CheckRoute Behavior ::run [ RunTime:0.000000s ]
INFO: [ route_check ] --END-- [ RunTime:0.000000s ]
INFO: [ app_begin ] --START--
INFO: ReadHtmlCache Behavior ::run [ RunTime:0.000000s ]
INFO: [ app_begin ] --END-- [ RunTime:0.000000s ]
SQL: SHOW COLUMNS FROM `hx_attendance` [ RunTime:0.000000s ]
SQL: SELECT COUNT(*) AS tp_count FROM `hx_attendance` LIMIT 1   [ RunTime:0.000000s ]
SQL: SELECT * FROM `hx_attendance` WHERE ( `team` = '早班' ) ORDER BY id DESC LIMIT 4,2   [ RunTime:0.000000s ]
NOTIC: [8] Undefined index: qmtime C:\WWW\sign\Admin\Lib\Action\MsgManageAction.class.php 第 19 行.
NOTIC: [8] Undefined index: qmtime C:\WWW\sign\Admin\Lib\Action\MsgManageAction.class.php 第 19 行.
INFO: [ view_parse ] --START--
NOTIC: [8] Undefined index: isLat1e C:\WWW\sign\Admin\Runtime\Cache\5323c3dae696ad7df5e6298279602b05.php 第 14 行.
NOTIC: [8] Undefined index: isLat1e C:\WWW\sign\Admin\Runtime\Cache\5323c3dae696ad7df5e6298279602b05.php 第 14 行.
INFO: ParseTemplate Behavior ::run [ RunTime:0.015625s ]
INFO: [ view_parse ] --END-- [ RunTime:0.015625s ]
INFO: [ view_filter ] --START--
INFO: ContentReplace Behavior ::run [ RunTime:0.000000s ]
INFO: TokenBuild Behavior ::run [ RunTime:0.000000s ]
INFO: WriteHtmlCache Behavior ::run [ RunTime:0.000000s ]
INFO: ShowRuntime Behavior ::run [ RunTime:0.000000s ]
INFO: [ view_filter ] --END-- [ RunTime:0.000000s ]
INFO: [ view_end ] --START--
INFO: ShowPageTrace Behavior ::run [ RunTime:0.000000s ]
INFO: [ view_end ] --END-- [ RunTime:0.000000s ]

[ 2015-04-25T09:13:28+08:00 ] 60.180.197.142 /sign/admin.php/MsgManage/index/team/%E6%97%A9%E7%8F%AD/p/4.html
INFO: [ route_check ] --START--
INFO: CheckRoute Behavior ::run [ RunTime:0.000000s ]
INFO: [ route_check ] --END-- [ RunTime:0.000000s ]
INFO: [ app_begin ] --START--
INFO: ReadHtmlCache Behavior ::run [ RunTime:0.000000s ]
INFO: [ app_begin ] --END-- [ RunTime:0.000000s ]
SQL: SHOW COLUMNS FROM `hx_attendance` [ RunTime:0.000000s ]
SQL: SELECT COUNT(*) AS tp_count FROM `hx_attendance` LIMIT 1   [ RunTime:0.000000s ]
SQL: SELECT * FROM `hx_attendance` WHERE ( `team` = '早班' ) ORDER BY id DESC LIMIT 6,2   [ RunTime:0.000000s ]
NOTIC: [8] Undefined index: qmtime C:\WWW\sign\Admin\Lib\Action\MsgManageAction.class.php 第 19 行.
INFO: [ view_parse ] --START--
NOTIC: [8] Undefined index: isLat1e C:\WWW\sign\Admin\Runtime\Cache\5323c3dae696ad7df5e6298279602b05.php 第 14 行.
INFO: ParseTemplate Behavior ::run [ RunTime:0.015625s ]
INFO: [ view_parse ] --END-- [ RunTime:0.015625s ]
INFO: [ view_filter ] --START--
INFO: ContentReplace Behavior ::run [ RunTime:0.000000s ]
INFO: TokenBuild Behavior ::run [ RunTime:0.000000s ]
INFO: WriteHtmlCache Behavior ::run [ RunTime:0.000000s ]
INFO: ShowRuntime Behavior ::run [ RunTime:0.000000s ]
INFO: [ view_filter ] --END-- [ RunTime:0.000000s ]
INFO: [ view_end ] --START--
INFO: ShowPageTrace Behavior ::run [ RunTime:0.000000s ]
INFO: [ view_end ] --END-- [ RunTime:0.000000s ]

[ 2015-04-25T09:13:29+08:00 ] 60.180.197.142 /sign/admin.php/MsgManage/index/team/%E6%97%A9%E7%8F%AD/p/3.html
INFO: [ route_check ] --START--
INFO: CheckRoute Behavior ::run [ RunTime:0.000000s ]
INFO: [ route_check ] --END-- [ RunTime:0.000000s ]
INFO: [ app_begin ] --START--
INFO: ReadHtmlCache Behavior ::run [ RunTime:0.000000s ]
INFO: [ app_begin ] --END-- [ RunTime:0.000000s ]
SQL: SHOW COLUMNS FROM `hx_attendance` [ RunTime:0.000000s ]
SQL: SELECT COUNT(*) AS tp_count FROM `hx_attendance` LIMIT 1   [ RunTime:0.000000s ]
SQL: SELECT * FROM `hx_attendance` WHERE ( `team` = '早班' ) ORDER BY id DESC LIMIT 4,2   [ RunTime:0.015625s ]
NOTIC: [8] Undefined index: qmtime C:\WWW\sign\Admin\Lib\Action\MsgManageAction.class.php 第 19 行.
NOTIC: [8] Undefined index: qmtime C:\WWW\sign\Admin\Lib\Action\MsgManageAction.class.php 第 19 行.
INFO: [ view_parse ] --START--
NOTIC: [8] Undefined index: isLat1e C:\WWW\sign\Admin\Runtime\Cache\5323c3dae696ad7df5e6298279602b05.php 第 14 行.
NOTIC: [8] Undefined index: isLat1e C:\WWW\sign\Admin\Runtime\Cache\5323c3dae696ad7df5e6298279602b05.php 第 14 行.
INFO: ParseTemplate Behavior ::run [ RunTime:0.000000s ]
INFO: [ view_parse ] --END-- [ RunTime:0.000000s ]
INFO: [ view_filter ] --START--
INFO: ContentReplace Behavior ::run [ RunTime:0.000000s ]
INFO: TokenBuild Behavior ::run [ RunTime:0.000000s ]
INFO: WriteHtmlCache Behavior ::run [ RunTime:0.000000s ]
INFO: ShowRuntime Behavior ::run [ RunTime:0.000000s ]
INFO: [ view_filter ] --END-- [ RunTime:0.000000s ]
INFO: [ view_end ] --START--
INFO: ShowPageTrace Behavior ::run [ RunTime:0.000000s ]
INFO: [ view_end ] --END-- [ RunTime:0.000000s ]

[ 2015-04-25T09:13:30+08:00 ] 60.180.197.142 /sign/admin.php/MsgManage/index/team/%E6%97%A9%E7%8F%AD/p/2.html
INFO: [ route_check ] --START--
INFO: CheckRoute Behavior ::run [ RunTime:0.000000s ]
INFO: [ route_check ] --END-- [ RunTime:0.000000s ]
INFO: [ app_begin ] --START--
INFO: ReadHtmlCache Behavior ::run [ RunTime:0.000000s ]
INFO: [ app_begin ] --END-- [ RunTime:0.000000s ]
SQL: SHOW COLUMNS FROM `hx_attendance` [ RunTime:0.015625s ]
SQL: SELECT COUNT(*) AS tp_count FROM `hx_attendance` LIMIT 1   [ RunTime:0.000000s ]
SQL: SELECT * FROM `hx_attendance` WHERE ( `team` = '早班' ) ORDER BY id DESC LIMIT 2,2   [ RunTime:0.000000s ]
NOTIC: [8] Undefined index: qmtime C:\WWW\sign\Admin\Lib\Action\MsgManageAction.class.php 第 19 行.
NOTIC: [8] Undefined index: qmtime C:\WWW\sign\Admin\Lib\Action\MsgManageAction.class.php 第 19 行.
INFO: [ view_parse ] --START--
NOTIC: [8] Undefined index: isLat1e C:\WWW\sign\Admin\Runtime\Cache\5323c3dae696ad7df5e6298279602b05.php 第 14 行.
NOTIC: [8] Undefined index: isLat1e C:\WWW\sign\Admin\Runtime\Cache\5323c3dae696ad7df5e6298279602b05.php 第 14 行.
INFO: ParseTemplate Behavior ::run [ RunTime:0.000000s ]
INFO: [ view_parse ] --END-- [ RunTime:0.000000s ]
INFO: [ view_filter ] --START--
INFO: ContentReplace Behavior ::run [ RunTime:0.000000s ]
INFO: TokenBuild Behavior ::run [ RunTime:0.000000s ]
INFO: WriteHtmlCache Behavior ::run [ RunTime:0.000000s ]
INFO: ShowRuntime Behavior ::run [ RunTime:0.000000s ]
INFO: [ view_filter ] --END-- [ RunTime:0.000000s ]
INFO: [ view_end ] --START--
INFO: ShowPageTrace Behavior ::run [ RunTime:0.015626s ]
INFO: [ view_end ] --END-- [ RunTime:0.015626s ]

[ 2015-04-25T09:13:33+08:00 ] 60.180.197.142 /sign/admin.php/MsgManage/index/team/%E6%97%A9%E7%8F%AD.html
INFO: [ route_check ] --START--
INFO: CheckRoute Behavior ::run [ RunTime:0.000000s ]
INFO: [ route_check ] --END-- [ RunTime:0.000000s ]
INFO: [ app_begin ] --START--
INFO: ReadHtmlCache Behavior ::run [ RunTime:0.000000s ]
INFO: [ app_begin ] --END-- [ RunTime:0.000000s ]
SQL: SHOW COLUMNS FROM `hx_attendance` [ RunTime:0.000000s ]
SQL: SELECT COUNT(*) AS tp_count FROM `hx_attendance` LIMIT 1   [ RunTime:0.000000s ]
SQL: SELECT * FROM `hx_attendance` WHERE ( `team` = '早班' ) ORDER BY id DESC LIMIT 0,2   [ RunTime:0.000000s ]
NOTIC: [8] Undefined index: qmtime C:\WWW\sign\Admin\Lib\Action\MsgManageAction.class.php 第 19 行.
NOTIC: [8] Undefined index: qmtime C:\WWW\sign\Admin\Lib\Action\MsgManageAction.class.php 第 19 行.
INFO: [ view_parse ] --START--
NOTIC: [8] Undefined index: isLat1e C:\WWW\sign\Admin\Runtime\Cache\5323c3dae696ad7df5e6298279602b05.php 第 14 行.
NOTIC: [8] Undefined index: isLat1e C:\WWW\sign\Admin\Runtime\Cache\5323c3dae696ad7df5e6298279602b05.php 第 14 行.
INFO: ParseTemplate Behavior ::run [ RunTime:0.015625s ]
INFO: [ view_parse ] --END-- [ RunTime:0.015625s ]
INFO: [ view_filter ] --START--
INFO: ContentReplace Behavior ::run [ RunTime:0.000000s ]
INFO: TokenBuild Behavior ::run [ RunTime:0.000000s ]
INFO: WriteHtmlCache Behavior ::run [ RunTime:0.000000s ]
INFO: ShowRuntime Behavior ::run [ RunTime:0.000000s ]
INFO: [ view_filter ] --END-- [ RunTime:0.000000s ]
INFO: [ view_end ] --START--
INFO: ShowPageTrace Behavior ::run [ RunTime:0.000000s ]
INFO: [ view_end ] --END-- [ RunTime:0.000000s ]

[ 2015-04-25T09:13:34+08:00 ] 60.180.197.142 /sign/admin.php/MsgManage/index/team/%E6%97%A9%E7%8F%AD.html
INFO: [ route_check ] --START--
INFO: CheckRoute Behavior ::run [ RunTime:0.000000s ]
INFO: [ route_check ] --END-- [ RunTime:0.000000s ]
INFO: [ app_begin ] --START--
INFO: ReadHtmlCache Behavior ::run [ RunTime:0.000000s ]
INFO: [ app_begin ] --END-- [ RunTime:0.000000s ]
SQL: SHOW COLUMNS FROM `hx_attendance` [ RunTime:0.000000s ]
SQL: SELECT COUNT(*) AS tp_count FROM `hx_attendance` LIMIT 1   [ RunTime:0.000000s ]
SQL: SELECT * FROM `hx_attendance` WHERE ( `team` = '早班' ) ORDER BY id DESC LIMIT 0,2   [ RunTime:0.000000s ]
NOTIC: [8] Undefined index: qmtime C:\WWW\sign\Admin\Lib\Action\MsgManageAction.class.php 第 19 行.
NOTIC: [8] Undefined index: qmtime C:\WWW\sign\Admin\Lib\Action\MsgManageAction.class.php 第 19 行.
INFO: [ view_parse ] --START--
NOTIC: [8] Undefined index: isLat1e C:\WWW\sign\Admin\Runtime\Cache\5323c3dae696ad7df5e6298279602b05.php 第 14 行.
NOTIC: [8] Undefined index: isLat1e C:\WWW\sign\Admin\Runtime\Cache\5323c3dae696ad7df5e6298279602b05.php 第 14 行.
INFO: ParseTemplate Behavior ::run [ RunTime:0.015625s ]
INFO: [ view_parse ] --END-- [ RunTime:0.015625s ]
INFO: [ view_filter ] --START--
INFO: ContentReplace Behavior ::run [ RunTime:0.000000s ]
INFO: TokenBuild Behavior ::run [ RunTime:0.000000s ]
INFO: WriteHtmlCache Behavior ::run [ RunTime:0.000000s ]
INFO: ShowRuntime Behavior ::run [ RunTime:0.000000s ]
INFO: [ view_filter ] --END-- [ RunTime:0.000000s ]
INFO: [ view_end ] --START--
INFO: ShowPageTrace Behavior ::run [ RunTime:0.000000s ]
INFO: [ view_end ] --END-- [ RunTime:0.000000s ]

[ 2015-04-25T09:14:12+08:00 ] 60.180.197.142 /sign/admin.php/MsgManage/index/team/%E6%97%A9%E7%8F%AD.html
INFO: [ route_check ] --START--
INFO: CheckRoute Behavior ::run [ RunTime:0.000000s ]
INFO: [ route_check ] --END-- [ RunTime:0.000000s ]
INFO: [ app_begin ] --START--
INFO: ReadHtmlCache Behavior ::run [ RunTime:0.000000s ]
INFO: [ app_begin ] --END-- [ RunTime:0.000000s ]
SQL: SHOW COLUMNS FROM `hx_attendance` [ RunTime:0.000000s ]
SQL: SELECT COUNT(*) AS tp_count FROM `hx_attendance` LIMIT 1   [ RunTime:0.000000s ]
SQL: SELECT * FROM `hx_attendance` WHERE ( `team` = '早班' ) ORDER BY id DESC LIMIT 0,2   [ RunTime:0.000000s ]
NOTIC: [8] Undefined index: qmtime C:\WWW\sign\Admin\Lib\Action\MsgManageAction.class.php 第 19 行.
NOTIC: [8] Undefined index: qmtime C:\WWW\sign\Admin\Lib\Action\MsgManageAction.class.php 第 19 行.
INFO: [ view_parse ] --START--
NOTIC: [8] Undefined index: isLat1e C:\WWW\sign\Admin\Runtime\Cache\5323c3dae696ad7df5e6298279602b05.php 第 14 行.
NOTIC: [8] Undefined index: isLat1e C:\WWW\sign\Admin\Runtime\Cache\5323c3dae696ad7df5e6298279602b05.php 第 14 行.
INFO: ParseTemplate Behavior ::run [ RunTime:0.000000s ]
INFO: [ view_parse ] --END-- [ RunTime:0.000000s ]
INFO: [ view_filter ] --START--
INFO: ContentReplace Behavior ::run [ RunTime:0.000000s ]
INFO: TokenBuild Behavior ::run [ RunTime:0.000000s ]
INFO: WriteHtmlCache Behavior ::run [ RunTime:0.000000s ]
INFO: ShowRuntime Behavior ::run [ RunTime:0.000000s ]
INFO: [ view_filter ] --END-- [ RunTime:0.000000s ]
INFO: [ view_end ] --START--
INFO: ShowPageTrace Behavior ::run [ RunTime:0.000000s ]
INFO: [ view_end ] --END-- [ RunTime:0.000000s ]

[ 2015-04-25T09:14:15+08:00 ] 60.180.197.142 /sign/admin.php/MsgManage/index/team/%E6%97%A9%E7%8F%AD/p/2.html
INFO: [ route_check ] --START--
INFO: CheckRoute Behavior ::run [ RunTime:0.000000s ]
INFO: [ route_check ] --END-- [ RunTime:0.000000s ]
INFO: [ app_begin ] --START--
INFO: ReadHtmlCache Behavior ::run [ RunTime:0.000000s ]
INFO: [ app_begin ] --END-- [ RunTime:0.000000s ]
SQL: SHOW COLUMNS FROM `hx_attendance` [ RunTime:0.000000s ]
SQL: SELECT COUNT(*) AS tp_count FROM `hx_attendance` LIMIT 1   [ RunTime:0.000000s ]
SQL: SELECT * FROM `hx_attendance` WHERE ( `team` = '早班' ) ORDER BY id DESC LIMIT 2,2   [ RunTime:0.000000s ]
NOTIC: [8] Undefined index: qmtime C:\WWW\sign\Admin\Lib\Action\MsgManageAction.class.php 第 19 行.
NOTIC: [8] Undefined index: qmtime C:\WWW\sign\Admin\Lib\Action\MsgManageAction.class.php 第 19 行.
INFO: [ view_parse ] --START--
NOTIC: [8] Undefined index: isLat1e C:\WWW\sign\Admin\Runtime\Cache\5323c3dae696ad7df5e6298279602b05.php 第 14 行.
NOTIC: [8] Undefined index: isLat1e C:\WWW\sign\Admin\Runtime\Cache\5323c3dae696ad7df5e6298279602b05.php 第 14 行.
INFO: ParseTemplate Behavior ::run [ RunTime:0.015626s ]
INFO: [ view_parse ] --END-- [ RunTime:0.015626s ]
INFO: [ view_filter ] --START--
INFO: ContentReplace Behavior ::run [ RunTime:0.000000s ]
INFO: TokenBuild Behavior ::run [ RunTime:0.000000s ]
INFO: WriteHtmlCache Behavior ::run [ RunTime:0.000000s ]
INFO: ShowRuntime Behavior ::run [ RunTime:0.000000s ]
INFO: [ view_filter ] --END-- [ RunTime:0.000000s ]
INFO: [ view_end ] --START--
INFO: ShowPageTrace Behavior ::run [ RunTime:0.000000s ]
INFO: [ view_end ] --END-- [ RunTime:0.000000s ]

[ 2015-04-25T09:14:26+08:00 ] 60.180.197.142 /sign/admin.php/MsgManage/index/team/%E6%97%A9%E7%8F%AD.html
INFO: [ route_check ] --START--
INFO: CheckRoute Behavior ::run [ RunTime:0.000000s ]
INFO: [ route_check ] --END-- [ RunTime:0.000000s ]
INFO: [ app_begin ] --START--
INFO: ReadHtmlCache Behavior ::run [ RunTime:0.000000s ]
INFO: [ app_begin ] --END-- [ RunTime:0.000000s ]
SQL: SHOW COLUMNS FROM `hx_attendance` [ RunTime:0.000000s ]
SQL: SELECT COUNT(*) AS tp_count FROM `hx_attendance` LIMIT 1   [ RunTime:0.000000s ]
SQL: SELECT * FROM `hx_attendance` WHERE ( `team` = '早班' ) ORDER BY id DESC LIMIT 0,2   [ RunTime:0.000000s ]
NOTIC: [8] Undefined index: qmtime C:\WWW\sign\Admin\Lib\Action\MsgManageAction.class.php 第 19 行.
NOTIC: [8] Undefined index: qmtime C:\WWW\sign\Admin\Lib\Action\MsgManageAction.class.php 第 19 行.
INFO: [ view_parse ] --START--
NOTIC: [8] Undefined index: isLat1e C:\WWW\sign\Admin\Runtime\Cache\5323c3dae696ad7df5e6298279602b05.php 第 14 行.
NOTIC: [8] Undefined index: isLat1e C:\WWW\sign\Admin\Runtime\Cache\5323c3dae696ad7df5e6298279602b05.php 第 14 行.
INFO: ParseTemplate Behavior ::run [ RunTime:0.015625s ]
INFO: [ view_parse ] --END-- [ RunTime:0.015625s ]
INFO: [ view_filter ] --START--
INFO: ContentReplace Behavior ::run [ RunTime:0.000000s ]
INFO: TokenBuild Behavior ::run [ RunTime:0.000000s ]
INFO: WriteHtmlCache Behavior ::run [ RunTime:0.000000s ]
INFO: ShowRuntime Behavior ::run [ RunTime:0.000000s ]
INFO: [ view_filter ] --END-- [ RunTime:0.000000s ]
INFO: [ view_end ] --START--
INFO: ShowPageTrace Behavior ::run [ RunTime:0.000000s ]
INFO: [ view_end ] --END-- [ RunTime:0.000000s ]

[ 2015-04-25T09:14:28+08:00 ] 60.180.197.142 /sign/admin.php/MsgManage/index/team/%E4%B8%AD%E7%8F%AD.html
INFO: [ route_check ] --START--
INFO: CheckRoute Behavior ::run [ RunTime:0.000000s ]
INFO: [ route_check ] --END-- [ RunTime:0.000000s ]
INFO: [ app_begin ] --START--
INFO: ReadHtmlCache Behavior ::run [ RunTime:0.000000s ]
INFO: [ app_begin ] --END-- [ RunTime:0.000000s ]
SQL: SHOW COLUMNS FROM `hx_attendance` [ RunTime:0.000000s ]
SQL: SELECT COUNT(*) AS tp_count FROM `hx_attendance` LIMIT 1   [ RunTime:0.000000s ]
SQL: SELECT * FROM `hx_attendance` WHERE ( `team` = '中班' ) ORDER BY id DESC LIMIT 0,2   [ RunTime:0.000000s ]
NOTIC: [8] Undefined index: qmtime C:\WWW\sign\Admin\Lib\Action\MsgManageAction.class.php 第 24 行.
INFO: [ view_parse ] --START--
NOTIC: [8] Undefined index: isLat1e C:\WWW\sign\Admin\Runtime\Cache\5323c3dae696ad7df5e6298279602b05.php 第 14 行.
INFO: ParseTemplate Behavior ::run [ RunTime:0.015625s ]
INFO: [ view_parse ] --END-- [ RunTime:0.015625s ]
INFO: [ view_filter ] --START--
INFO: ContentReplace Behavior ::run [ RunTime:0.000000s ]
INFO: TokenBuild Behavior ::run [ RunTime:0.000000s ]
INFO: WriteHtmlCache Behavior ::run [ RunTime:0.000000s ]
INFO: ShowRuntime Behavior ::run [ RunTime:0.000000s ]
INFO: [ view_filter ] --END-- [ RunTime:0.000000s ]
INFO: [ view_end ] --START--
INFO: ShowPageTrace Behavior ::run [ RunTime:0.000000s ]
INFO: [ view_end ] --END-- [ RunTime:0.000000s ]

[ 2015-04-25T09:14:29+08:00 ] 60.180.197.142 /sign/admin.php/MsgManage/index/team/%E6%99%9A%E7%8F%AD.html
INFO: [ route_check ] --START--
INFO: CheckRoute Behavior ::run [ RunTime:0.000000s ]
INFO: [ route_check ] --END-- [ RunTime:0.000000s ]
INFO: [ app_begin ] --START--
INFO: ReadHtmlCache Behavior ::run [ RunTime:0.000000s ]
INFO: [ app_begin ] --END-- [ RunTime:0.000000s ]
SQL: SHOW COLUMNS FROM `hx_attendance` [ RunTime:0.000000s ]
SQL: SELECT COUNT(*) AS tp_count FROM `hx_attendance` LIMIT 1   [ RunTime:0.000000s ]
SQL: SELECT * FROM `hx_attendance` WHERE ( `team` = '晚班' ) ORDER BY id DESC LIMIT 0,2   [ RunTime:0.000000s ]
INFO: [ view_parse ] --START--
INFO: ParseTemplate Behavior ::run [ RunTime:0.015626s ]
INFO: [ view_parse ] --END-- [ RunTime:0.015626s ]
INFO: [ view_filter ] --START--
INFO: ContentReplace Behavior ::run [ RunTime:0.000000s ]
INFO: TokenBuild Behavior ::run [ RunTime:0.000000s ]
INFO: WriteHtmlCache Behavior ::run [ RunTime:0.000000s ]
INFO: ShowRuntime Behavior ::run [ RunTime:0.000000s ]
INFO: [ view_filter ] --END-- [ RunTime:0.000000s ]
INFO: [ view_end ] --START--
INFO: ShowPageTrace Behavior ::run [ RunTime:0.000000s ]
INFO: [ view_end ] --END-- [ RunTime:0.000000s ]

